[2024-05-22 16:12:30 [32mINFO [0;39m restartedMain] [com.green.greengram.GreenGramTdd] [36mStarting GreenGramVer2Application using Java 17.0.10 with PID 3992 (D:\Students\DongHyeon\2024-01\backEnd\GreenGramVer2\build\classes\java\main started by Administrator in D:\Students\DongHyeon\2024-01\backEnd\GreenGramVer2)[0;39m
[2024-05-22 16:12:30 [32mINFO [0;39m restartedMain] [com.green.greengram.GreenGramTdd] [36mNo active profile set, falling back to 1 default profile: "default"[0;39m
[2024-05-22 16:12:30 [32mINFO [0;39m restartedMain] [org.springframework.boot.devtools.env.DevToolsPropertyDefaultsPostProcessor] [36mDevtools property defaults active! Set 'spring.devtools.add-properties' to 'false' to disable[0;39m
[2024-05-22 16:12:30 [32mINFO [0;39m restartedMain] [org.springframework.boot.devtools.env.DevToolsPropertyDefaultsPostProcessor] [36mFor additional web related logging consider setting the 'logging.level.web' property to 'DEBUG'[0;39m
[2024-05-22 16:12:31 [32mINFO [0;39m restartedMain] [org.springframework.boot.web.embedded.tomcat.TomcatWebServer] [36mTomcat initialized with port 8080 (http)[0;39m
[2024-05-22 16:12:31 [32mINFO [0;39m restartedMain] [org.apache.coyote.http11.Http11NioProtocol] [36mInitializing ProtocolHandler ["http-nio-8080"][0;39m
[2024-05-22 16:12:31 [32mINFO [0;39m restartedMain] [org.apache.catalina.core.StandardService] [36mStarting service [Tomcat][0;39m
[2024-05-22 16:12:31 [32mINFO [0;39m restartedMain] [org.apache.catalina.core.StandardEngine] [36mStarting Servlet engine: [Apache Tomcat/10.1.20][0;39m
[2024-05-22 16:12:31 [32mINFO [0;39m restartedMain] [org.apache.catalina.core.ContainerBase.[Tomcat].[localhost].[/]] [36mInitializing Spring embedded WebApplicationContext[0;39m
[2024-05-22 16:12:31 [32mINFO [0;39m restartedMain] [org.springframework.boot.web.servlet.context.ServletWebServerApplicationContext] [36mRoot WebApplicationContext: initialization completed in 1140 ms[0;39m
[2024-05-22 16:12:32 [32mINFO [0;39m restartedMain] [org.springframework.boot.autoconfigure.web.servlet.WelcomePageHandlerMapping] [36mAdding welcome page: class path resource [static/index.html][0;39m
[2024-05-22 16:12:32 [32mINFO [0;39m restartedMain] [org.springframework.boot.devtools.autoconfigure.OptionalLiveReloadServer] [36mLiveReload server is running on port 35729[0;39m
[2024-05-22 16:12:32 [32mINFO [0;39m restartedMain] [org.springframework.boot.actuate.endpoint.web.EndpointLinksResolver] [36mExposing 1 endpoint(s) beneath base path '/actuator'[0;39m
[2024-05-22 16:12:32 [32mINFO [0;39m restartedMain] [org.apache.coyote.http11.Http11NioProtocol] [36mStarting ProtocolHandler ["http-nio-8080"][0;39m
[2024-05-22 16:12:32 [32mINFO [0;39m restartedMain] [org.springframework.boot.web.embedded.tomcat.TomcatWebServer] [36mTomcat started on port 8080 (http) with context path ''[0;39m
[2024-05-22 16:12:32 [32mINFO [0;39m restartedMain] [com.green.greengram.GreenGramTdd] [36mStarted GreenGramVer2Application in 2.366 seconds (process running for 2.761)[0;39m
[2024-05-22 16:12:32 [32mINFO [0;39m http-nio-8080-exec-1] [org.apache.catalina.core.ContainerBase.[Tomcat].[localhost].[/]] [36mInitializing Spring DispatcherServlet 'dispatcherServlet'[0;39m
[2024-05-22 16:12:32 [32mINFO [0;39m http-nio-8080-exec-1] [org.springframework.web.servlet.DispatcherServlet] [36mInitializing Servlet 'dispatcherServlet'[0;39m
[2024-05-22 16:12:32 [32mINFO [0;39m http-nio-8080-exec-1] [org.springframework.web.servlet.DispatcherServlet] [36mCompleted initialization in 1 ms[0;39m
[2024-05-22 16:12:33 [32mINFO [0;39m RMI TCP Connection(2)-192.168.0.193] [com.zaxxer.hikari.HikariDataSource] [36mHikariPool-1 - Starting...[0;39m
[2024-05-22 16:12:33 [32mINFO [0;39m RMI TCP Connection(2)-192.168.0.193] [com.zaxxer.hikari.pool.HikariPool] [36mHikariPool-1 - Added connection net.sf.log4jdbc.sql.jdbcapi.ConnectionSpy@649930c8[0;39m
[2024-05-22 16:12:33 [32mINFO [0;39m RMI TCP Connection(2)-192.168.0.193] [com.zaxxer.hikari.HikariDataSource] [36mHikariPool-1 - Start completed.[0;39m
[2024-05-22 16:12:33 [32mINFO [0;39m http-nio-8080-exec-5] [org.springdoc.api.AbstractOpenApiResource] [36mInit duration for springdoc-openapi is: 450 ms[0;39m
[2024-05-22 16:15:59 [32mINFO [0;39m File Watcher] [org.springframework.boot.devtools.autoconfigure.LocalDevToolsAutoConfiguration$RestartingClassPathChangeChangedEventListener] [36mRestarting due to 40 class path changes (0 additions, 0 deletions, 40 modifications)[0;39m
[2024-05-22 16:15:59 [32mINFO [0;39m Thread-5] [org.apache.coyote.http11.Http11NioProtocol] [36mStopping ProtocolHandler ["http-nio-8080"][0;39m
[2024-05-22 16:15:59 [32mINFO [0;39m Thread-5] [com.zaxxer.hikari.HikariDataSource] [36mHikariPool-1 - Shutdown initiated...[0;39m
[2024-05-22 16:15:59 [32mINFO [0;39m Thread-5] [com.zaxxer.hikari.HikariDataSource] [36mHikariPool-1 - Shutdown completed.[0;39m
[2024-05-22 16:16:00 [32mINFO [0;39m restartedMain] [com.green.greengram.GreenGramTdd] [36mStarting GreenGramVer2Application using Java 17.0.10 with PID 3992 (D:\Students\DongHyeon\2024-01\backEnd\GreenGramVer2\build\classes\java\main started by Administrator in D:\Students\DongHyeon\2024-01\backEnd\GreenGramVer2)[0;39m
[2024-05-22 16:16:00 [32mINFO [0;39m restartedMain] [com.green.greengram.GreenGramTdd] [36mNo active profile set, falling back to 1 default profile: "default"[0;39m
[2024-05-22 16:16:00 [32mINFO [0;39m restartedMain] [org.springframework.boot.web.embedded.tomcat.TomcatWebServer] [36mTomcat initialized with port 8080 (http)[0;39m
[2024-05-22 16:16:00 [32mINFO [0;39m restartedMain] [org.apache.coyote.http11.Http11NioProtocol] [36mInitializing ProtocolHandler ["http-nio-8080"][0;39m
[2024-05-22 16:16:00 [32mINFO [0;39m restartedMain] [org.apache.catalina.core.StandardService] [36mStarting service [Tomcat][0;39m
[2024-05-22 16:16:00 [32mINFO [0;39m restartedMain] [org.apache.catalina.core.StandardEngine] [36mStarting Servlet engine: [Apache Tomcat/10.1.20][0;39m
[2024-05-22 16:16:00 [32mINFO [0;39m restartedMain] [org.apache.catalina.core.ContainerBase.[Tomcat].[localhost].[/]] [36mInitializing Spring embedded WebApplicationContext[0;39m
[2024-05-22 16:16:00 [32mINFO [0;39m restartedMain] [org.springframework.boot.web.servlet.context.ServletWebServerApplicationContext] [36mRoot WebApplicationContext: initialization completed in 290 ms[0;39m
[2024-05-22 16:16:00 [32mINFO [0;39m restartedMain] [org.springframework.boot.autoconfigure.web.servlet.WelcomePageHandlerMapping] [36mAdding welcome page: class path resource [static/index.html][0;39m
[2024-05-22 16:16:00 [32mINFO [0;39m restartedMain] [org.springframework.boot.devtools.autoconfigure.OptionalLiveReloadServer] [36mLiveReload server is running on port 35729[0;39m
[2024-05-22 16:16:00 [32mINFO [0;39m restartedMain] [org.springframework.boot.actuate.endpoint.web.EndpointLinksResolver] [36mExposing 1 endpoint(s) beneath base path '/actuator'[0;39m
[2024-05-22 16:16:00 [32mINFO [0;39m restartedMain] [org.apache.coyote.http11.Http11NioProtocol] [36mStarting ProtocolHandler ["http-nio-8080"][0;39m
[2024-05-22 16:16:00 [32mINFO [0;39m restartedMain] [org.springframework.boot.web.embedded.tomcat.TomcatWebServer] [36mTomcat started on port 8080 (http) with context path ''[0;39m
[2024-05-22 16:16:00 [32mINFO [0;39m restartedMain] [com.green.greengram.GreenGramTdd] [36mStarted GreenGramVer2Application in 0.541 seconds (process running for 210.567)[0;39m
[2024-05-22 16:16:00 [32mINFO [0;39m restartedMain] [org.springframework.boot.devtools.autoconfigure.ConditionEvaluationDeltaLoggingListener] [36mCondition evaluation unchanged[0;39m
[2024-05-22 16:16:32 [32mINFO [0;39m restartedMain] [com.green.greengram.GreenGramTdd] [36mStarting GreenGramVer2Application using Java 17.0.10 with PID 1912 (D:\Students\DongHyeon\2024-01\backEnd\GreenGramVer2\build\classes\java\main started by Administrator in D:\Students\DongHyeon\2024-01\backEnd\GreenGramVer2)[0;39m
[2024-05-22 16:16:32 [32mINFO [0;39m restartedMain] [com.green.greengram.GreenGramTdd] [36mNo active profile set, falling back to 1 default profile: "default"[0;39m
[2024-05-22 16:16:32 [32mINFO [0;39m restartedMain] [org.springframework.boot.devtools.env.DevToolsPropertyDefaultsPostProcessor] [36mDevtools property defaults active! Set 'spring.devtools.add-properties' to 'false' to disable[0;39m
[2024-05-22 16:16:32 [32mINFO [0;39m restartedMain] [org.springframework.boot.devtools.env.DevToolsPropertyDefaultsPostProcessor] [36mFor additional web related logging consider setting the 'logging.level.web' property to 'DEBUG'[0;39m
[2024-05-22 16:16:34 [32mINFO [0;39m restartedMain] [org.springframework.boot.web.embedded.tomcat.TomcatWebServer] [36mTomcat initialized with port 8080 (http)[0;39m
[2024-05-22 16:16:34 [32mINFO [0;39m restartedMain] [org.apache.coyote.http11.Http11NioProtocol] [36mInitializing ProtocolHandler ["http-nio-8080"][0;39m
[2024-05-22 16:16:34 [32mINFO [0;39m restartedMain] [org.apache.catalina.core.StandardService] [36mStarting service [Tomcat][0;39m
[2024-05-22 16:16:34 [32mINFO [0;39m restartedMain] [org.apache.catalina.core.StandardEngine] [36mStarting Servlet engine: [Apache Tomcat/10.1.20][0;39m
[2024-05-22 16:16:34 [32mINFO [0;39m restartedMain] [org.apache.catalina.core.ContainerBase.[Tomcat].[localhost].[/]] [36mInitializing Spring embedded WebApplicationContext[0;39m
[2024-05-22 16:16:34 [32mINFO [0;39m restartedMain] [org.springframework.boot.web.servlet.context.ServletWebServerApplicationContext] [36mRoot WebApplicationContext: initialization completed in 1107 ms[0;39m
[2024-05-22 16:16:34 [32mINFO [0;39m restartedMain] [org.springframework.boot.autoconfigure.web.servlet.WelcomePageHandlerMapping] [36mAdding welcome page: class path resource [static/index.html][0;39m
[2024-05-22 16:16:34 [32mINFO [0;39m restartedMain] [org.springframework.boot.devtools.autoconfigure.OptionalLiveReloadServer] [36mLiveReload server is running on port 35729[0;39m
[2024-05-22 16:16:34 [32mINFO [0;39m restartedMain] [org.springframework.boot.actuate.endpoint.web.EndpointLinksResolver] [36mExposing 1 endpoint(s) beneath base path '/actuator'[0;39m
[2024-05-22 16:16:34 [32mINFO [0;39m restartedMain] [org.apache.coyote.http11.Http11NioProtocol] [36mStarting ProtocolHandler ["http-nio-8080"][0;39m
[2024-05-22 16:16:34 [32mINFO [0;39m restartedMain] [org.springframework.boot.web.embedded.tomcat.TomcatWebServer] [36mTomcat started on port 8080 (http) with context path ''[0;39m
[2024-05-22 16:16:34 [32mINFO [0;39m restartedMain] [com.green.greengram.GreenGramTdd] [36mStarted GreenGramVer2Application in 2.219 seconds (process running for 2.566)[0;39m
[2024-05-22 16:16:34 [32mINFO [0;39m RMI TCP Connection(5)-192.168.0.193] [org.apache.catalina.core.ContainerBase.[Tomcat].[localhost].[/]] [36mInitializing Spring DispatcherServlet 'dispatcherServlet'[0;39m
[2024-05-22 16:16:34 [32mINFO [0;39m RMI TCP Connection(5)-192.168.0.193] [org.springframework.web.servlet.DispatcherServlet] [36mInitializing Servlet 'dispatcherServlet'[0;39m
[2024-05-22 16:16:34 [32mINFO [0;39m RMI TCP Connection(4)-192.168.0.193] [com.zaxxer.hikari.HikariDataSource] [36mHikariPool-1 - Starting...[0;39m
[2024-05-22 16:16:34 [32mINFO [0;39m RMI TCP Connection(5)-192.168.0.193] [org.springframework.web.servlet.DispatcherServlet] [36mCompleted initialization in 1 ms[0;39m
[2024-05-22 16:16:35 [32mINFO [0;39m RMI TCP Connection(4)-192.168.0.193] [com.zaxxer.hikari.pool.HikariPool] [36mHikariPool-1 - Added connection net.sf.log4jdbc.sql.jdbcapi.ConnectionSpy@2a9fae96[0;39m
[2024-05-22 16:16:35 [32mINFO [0;39m RMI TCP Connection(4)-192.168.0.193] [com.zaxxer.hikari.HikariDataSource] [36mHikariPool-1 - Start completed.[0;39m
[2024-05-22 16:16:36 [32mINFO [0;39m http-nio-8080-exec-6] [org.springdoc.api.AbstractOpenApiResource] [36mInit duration for springdoc-openapi is: 219 ms[0;39m
[2024-05-22 16:16:39 [32mINFO [0;39m http-nio-8080-exec-7] [org.springdoc.api.AbstractOpenApiResource] [36mInit duration for springdoc-openapi is: 77 ms[0;39m
[2024-05-22 16:16:40 [32mDEBUG[0;39m http-nio-8080-exec-2] [jdbc.sqltiming] [36m com.zaxxer.hikari.pool.ProxyPreparedStatement.execute(ProxyPreparedStatement.java:44)
1. SELECT  A.feed_id AS feedId,
                B.user_id AS writerId,
                B.nm AS writerNm,
                B.pic AS writerPic,
                A.contents,
                A.location,
                A.created_at AS createdAt,
                IF (C.feed_id IS NULL, 0, 1) AS isFav
        FROM feed A
        JOIN user B
        ON A.writer_id = B.user_id
        LEFT JOIN feed_favorite C
        ON A.feed_id = C.feed_id
        AND C.user_id = 23

        ORDER BY A.feed_id DESC
        LIMIT 0, 20
 {executed in 1 msec}[0;39m
[2024-05-22 16:16:40 [32mINFO [0;39m http-nio-8080-exec-2] [jdbc.resultsettable] [36m
|--------|--------|----|------------------------------------------|----------|----------|--------------------|------|
|feed_id |user_id |nm  |pic                                       |contents  |location  |created_at          |isfav |
|--------|--------|----|------------------------------------------|----------|----------|--------------------|------|
|32      |23      |꾸   |452beff4-c7e8-43cc-a3b3-fca019ccfdb7.png  |ㄹㄹ        |ㄹㄹ        |2024-05-13 12:05:30 |0     |
|29      |20      |22  |f9c9b697-c5fa-4541-b72e-37c6a49a0682.png  |asdadssda |asdasd    |2024-05-10 18:06:55 |0     |
|28      |20      |22  |f9c9b697-c5fa-4541-b72e-37c6a49a0682.png  |22        |22        |2024-05-10 17:28:18 |0     |
|27      |19      |123 |ec520517-0f85-44f0-ab44-b3da3b822c23.webp |wqqwd     |qwdwqd    |2024-05-10 17:26:28 |0     |
|26      |19      |123 |ec520517-0f85-44f0-ab44-b3da3b822c23.webp |qwdqwdqwd |wqdqwdqdw |2024-05-10 17:24:21 |0     |
|25      |19      |123 |ec520517-0f85-44f0-ab44-b3da3b822c23.webp |qwdwqd    |dwqwqd    |2024-05-10 17:23:44 |0     |
|24      |19      |123 |ec520517-0f85-44f0-ab44-b3da3b822c23.webp |dwqwqd    |wqdqwd    |2024-05-10 17:22:55 |0     |
|23      |19      |123 |ec520517-0f85-44f0-ab44-b3da3b822c23.webp |qdwqdw    |qwdwqd    |2024-05-10 17:21:36 |0     |
|22      |19      |123 |ec520517-0f85-44f0-ab44-b3da3b822c23.webp |qwdqwd    |qwddwq    |2024-05-10 17:20:34 |0     |
|21      |19      |123 |ec520517-0f85-44f0-ab44-b3da3b822c23.webp |qwdqwdqwd |qwdwdq    |2024-05-10 17:19:21 |0     |
|20      |19      |123 |ec520517-0f85-44f0-ab44-b3da3b822c23.webp |wdqqwdwdq |wqd       |2024-05-10 17:17:20 |0     |
|19      |19      |123 |ec520517-0f85-44f0-ab44-b3da3b822c23.webp |qwdqwd    |qwdqwd    |2024-05-10 17:16:09 |0     |
|18      |19      |123 |ec520517-0f85-44f0-ab44-b3da3b822c23.webp |dwqwqd    |qwddwq    |2024-05-10 17:14:55 |0     |
|17      |19      |123 |ec520517-0f85-44f0-ab44-b3da3b822c23.webp |asdads    |asdasd    |2024-05-10 17:14:44 |0     |
|16      |6       |김동현 |null                                      |123       |ㅇㅇ        |2024-05-07 17:03:12 |0     |
|15      |4       |홍길동 |null                                      |으으        |대         |2024-05-07 12:57:39 |0     |
|14      |3       |홍길동 |ec520517-0f85-44f0-ab44-b3da3b822c23.webp |으으        |대         |2024-05-07 12:57:35 |0     |
|13      |2       |홍길동 |42031e6b-e2ff-4955-ab14-77fb0b50916f.webp |으으        |대         |2024-05-07 12:57:29 |0     |
|12      |1       |홍길동 |null                                      |으으        |대         |2024-05-07 11:10:08 |0     |
|11      |1       |홍길동 |null                                      |으으        |대         |2024-05-07 11:09:50 |0     |
|--------|--------|----|------------------------------------------|----------|----------|--------------------|------|
[0;39m
[2024-05-22 16:16:40 [32mDEBUG[0;39m http-nio-8080-exec-2] [jdbc.sqltiming] [36m com.zaxxer.hikari.pool.ProxyPreparedStatement.execute(ProxyPreparedStatement.java:44)
1. SELECT pic
        FROM feed_pics
        WHERE feed_id = 32
 {executed in 0 msec}[0;39m
[2024-05-22 16:16:40 [32mINFO [0;39m http-nio-8080-exec-2] [jdbc.resultsettable] [36m
|-----------------------------------------|
|pic                                      |
|-----------------------------------------|
|b1ac288f-6c38-4c97-a661-48d45ff9fd0a.png |
|59b63d79-91c6-4792-b322-9dbdffb302a7.png |
|4ef491b9-41fc-4c60-bc53-541edeec8395.jpg |
|-----------------------------------------|
[0;39m
[2024-05-22 16:16:40 [32mDEBUG[0;39m http-nio-8080-exec-2] [jdbc.sqltiming] [36m com.zaxxer.hikari.pool.ProxyPreparedStatement.execute(ProxyPreparedStatement.java:44)
1. SELECT 	A.feed_comment_id AS feedCommentId,
                A.comment,
                A.created_at AS createdAt,
                B.user_id AS writerId,
                B.nm AS writerNm,
                B.pic AS writerPic
        FROM feed_comment A
        JOIN user B
        ON  A.user_id = B.user_id
        WHERE A.feed_id = 32
        ORDER BY A.created_at DESC
        LIMIT 4
 {executed in 0 msec}[0;39m
[2024-05-22 16:16:40 [32mINFO [0;39m http-nio-8080-exec-2] [jdbc.resultsettable] [36m
|----------------|--------|--------------------|--------|---|-----------------------------------------|
|feed_comment_id |comment |created_at          |user_id |nm |pic                                      |
|----------------|--------|--------------------|--------|---|-----------------------------------------|
|17              |ㅁㄴㅇㅁㄴㅇ  |2024-05-13 16:03:31 |23      |꾸  |452beff4-c7e8-43cc-a3b3-fca019ccfdb7.png |
|16              |ㅁㄴㅇㅁㄴㅇ  |2024-05-13 16:03:30 |23      |꾸  |452beff4-c7e8-43cc-a3b3-fca019ccfdb7.png |
|15              |ㅁㄴㅇ     |2024-05-13 16:03:29 |23      |꾸  |452beff4-c7e8-43cc-a3b3-fca019ccfdb7.png |
|14              |ㅁㄴㅇ     |2024-05-13 16:03:28 |23      |꾸  |452beff4-c7e8-43cc-a3b3-fca019ccfdb7.png |
|----------------|--------|--------------------|--------|---|-----------------------------------------|
[0;39m
[2024-05-22 16:16:40 [32mDEBUG[0;39m http-nio-8080-exec-2] [jdbc.sqltiming] [36m com.zaxxer.hikari.pool.ProxyPreparedStatement.execute(ProxyPreparedStatement.java:44)
1. SELECT pic
        FROM feed_pics
        WHERE feed_id = 29
 {executed in 0 msec}[0;39m
[2024-05-22 16:16:40 [32mINFO [0;39m http-nio-8080-exec-2] [jdbc.resultsettable] [36m
|-----------------------------------------|
|pic                                      |
|-----------------------------------------|
|c87400f4-afd3-4e4c-9429-fc4642581d6b.png |
|-----------------------------------------|
[0;39m
[2024-05-22 16:16:40 [32mDEBUG[0;39m http-nio-8080-exec-2] [jdbc.sqltiming] [36m com.zaxxer.hikari.pool.ProxyPreparedStatement.execute(ProxyPreparedStatement.java:44)
1. SELECT 	A.feed_comment_id AS feedCommentId,
                A.comment,
                A.created_at AS createdAt,
                B.user_id AS writerId,
                B.nm AS writerNm,
                B.pic AS writerPic
        FROM feed_comment A
        JOIN user B
        ON  A.user_id = B.user_id
        WHERE A.feed_id = 29
        ORDER BY A.created_at DESC
        LIMIT 4
 {executed in 0 msec}[0;39m
[2024-05-22 16:16:40 [32mINFO [0;39m http-nio-8080-exec-2] [jdbc.resultsettable] [36m
|----------------|--------|-----------|--------|---|----|
|feed_comment_id |comment |created_at |user_id |nm |pic |
|----------------|--------|-----------|--------|---|----|
|----------------|--------|-----------|--------|---|----|
[0;39m
[2024-05-22 16:16:40 [32mDEBUG[0;39m http-nio-8080-exec-2] [jdbc.sqltiming] [36m com.zaxxer.hikari.pool.ProxyPreparedStatement.execute(ProxyPreparedStatement.java:44)
1. SELECT pic
        FROM feed_pics
        WHERE feed_id = 28
 {executed in 0 msec}[0;39m
[2024-05-22 16:16:40 [32mINFO [0;39m http-nio-8080-exec-2] [jdbc.resultsettable] [36m
|-----------------------------------------|
|pic                                      |
|-----------------------------------------|
|81e2e28d-eb7d-49e4-91fa-efd13b3a2db7.png |
|-----------------------------------------|
[0;39m
[2024-05-22 16:16:40 [32mDEBUG[0;39m http-nio-8080-exec-2] [jdbc.sqltiming] [36m com.zaxxer.hikari.pool.ProxyPreparedStatement.execute(ProxyPreparedStatement.java:44)
1. SELECT 	A.feed_comment_id AS feedCommentId,
                A.comment,
                A.created_at AS createdAt,
                B.user_id AS writerId,
                B.nm AS writerNm,
                B.pic AS writerPic
        FROM feed_comment A
        JOIN user B
        ON  A.user_id = B.user_id
        WHERE A.feed_id = 28
        ORDER BY A.created_at DESC
        LIMIT 4
 {executed in 1 msec}[0;39m
[2024-05-22 16:16:40 [32mINFO [0;39m http-nio-8080-exec-2] [jdbc.resultsettable] [36m
|----------------|--------|-----------|--------|---|----|
|feed_comment_id |comment |created_at |user_id |nm |pic |
|----------------|--------|-----------|--------|---|----|
|----------------|--------|-----------|--------|---|----|
[0;39m
[2024-05-22 16:16:40 [32mDEBUG[0;39m http-nio-8080-exec-2] [jdbc.sqltiming] [36m com.zaxxer.hikari.pool.ProxyPreparedStatement.execute(ProxyPreparedStatement.java:44)
1. SELECT pic
        FROM feed_pics
        WHERE feed_id = 27
 {executed in 0 msec}[0;39m
[2024-05-22 16:16:40 [32mINFO [0;39m http-nio-8080-exec-2] [jdbc.resultsettable] [36m
|------------------------------------------|
|pic                                       |
|------------------------------------------|
|ee5b4faf-e7b6-4353-8cf6-da34c5131bff.webp |
|------------------------------------------|
[0;39m
[2024-05-22 16:16:40 [32mDEBUG[0;39m http-nio-8080-exec-2] [jdbc.sqltiming] [36m com.zaxxer.hikari.pool.ProxyPreparedStatement.execute(ProxyPreparedStatement.java:44)
1. SELECT 	A.feed_comment_id AS feedCommentId,
                A.comment,
                A.created_at AS createdAt,
                B.user_id AS writerId,
                B.nm AS writerNm,
                B.pic AS writerPic
        FROM feed_comment A
        JOIN user B
        ON  A.user_id = B.user_id
        WHERE A.feed_id = 27
        ORDER BY A.created_at DESC
        LIMIT 4
 {executed in 0 msec}[0;39m
[2024-05-22 16:16:40 [32mINFO [0;39m http-nio-8080-exec-2] [jdbc.resultsettable] [36m
|----------------|--------|-----------|--------|---|----|
|feed_comment_id |comment |created_at |user_id |nm |pic |
|----------------|--------|-----------|--------|---|----|
|----------------|--------|-----------|--------|---|----|
[0;39m
[2024-05-22 16:16:40 [32mDEBUG[0;39m http-nio-8080-exec-2] [jdbc.sqltiming] [36m com.zaxxer.hikari.pool.ProxyPreparedStatement.execute(ProxyPreparedStatement.java:44)
1. SELECT pic
        FROM feed_pics
        WHERE feed_id = 26
 {executed in 0 msec}[0;39m
[2024-05-22 16:16:40 [32mINFO [0;39m http-nio-8080-exec-2] [jdbc.resultsettable] [36m
|----|
|pic |
|----|
|----|
[0;39m
[2024-05-22 16:16:40 [32mDEBUG[0;39m http-nio-8080-exec-2] [jdbc.sqltiming] [36m com.zaxxer.hikari.pool.ProxyPreparedStatement.execute(ProxyPreparedStatement.java:44)
1. SELECT 	A.feed_comment_id AS feedCommentId,
                A.comment,
                A.created_at AS createdAt,
                B.user_id AS writerId,
                B.nm AS writerNm,
                B.pic AS writerPic
        FROM feed_comment A
        JOIN user B
        ON  A.user_id = B.user_id
        WHERE A.feed_id = 26
        ORDER BY A.created_at DESC
        LIMIT 4
 {executed in 0 msec}[0;39m
[2024-05-22 16:16:40 [32mINFO [0;39m http-nio-8080-exec-2] [jdbc.resultsettable] [36m
|----------------|--------|-----------|--------|---|----|
|feed_comment_id |comment |created_at |user_id |nm |pic |
|----------------|--------|-----------|--------|---|----|
|----------------|--------|-----------|--------|---|----|
[0;39m
[2024-05-22 16:16:40 [32mDEBUG[0;39m http-nio-8080-exec-2] [jdbc.sqltiming] [36m com.zaxxer.hikari.pool.ProxyPreparedStatement.execute(ProxyPreparedStatement.java:44)
1. SELECT pic
        FROM feed_pics
        WHERE feed_id = 25
 {executed in 0 msec}[0;39m
[2024-05-22 16:16:40 [32mINFO [0;39m http-nio-8080-exec-2] [jdbc.resultsettable] [36m
|----|
|pic |
|----|
|----|
[0;39m
[2024-05-22 16:16:40 [32mDEBUG[0;39m http-nio-8080-exec-2] [jdbc.sqltiming] [36m com.zaxxer.hikari.pool.ProxyPreparedStatement.execute(ProxyPreparedStatement.java:44)
1. SELECT 	A.feed_comment_id AS feedCommentId,
                A.comment,
                A.created_at AS createdAt,
                B.user_id AS writerId,
                B.nm AS writerNm,
                B.pic AS writerPic
        FROM feed_comment A
        JOIN user B
        ON  A.user_id = B.user_id
        WHERE A.feed_id = 25
        ORDER BY A.created_at DESC
        LIMIT 4
 {executed in 0 msec}[0;39m
[2024-05-22 16:16:40 [32mINFO [0;39m http-nio-8080-exec-2] [jdbc.resultsettable] [36m
|----------------|--------|-----------|--------|---|----|
|feed_comment_id |comment |created_at |user_id |nm |pic |
|----------------|--------|-----------|--------|---|----|
|----------------|--------|-----------|--------|---|----|
[0;39m
[2024-05-22 16:16:40 [32mDEBUG[0;39m http-nio-8080-exec-2] [jdbc.sqltiming] [36m com.zaxxer.hikari.pool.ProxyPreparedStatement.execute(ProxyPreparedStatement.java:44)
1. SELECT pic
        FROM feed_pics
        WHERE feed_id = 24
 {executed in 0 msec}[0;39m
[2024-05-22 16:16:40 [32mINFO [0;39m http-nio-8080-exec-2] [jdbc.resultsettable] [36m
|----|
|pic |
|----|
|----|
[0;39m
[2024-05-22 16:16:40 [32mDEBUG[0;39m http-nio-8080-exec-2] [jdbc.sqltiming] [36m com.zaxxer.hikari.pool.ProxyPreparedStatement.execute(ProxyPreparedStatement.java:44)
1. SELECT 	A.feed_comment_id AS feedCommentId,
                A.comment,
                A.created_at AS createdAt,
                B.user_id AS writerId,
                B.nm AS writerNm,
                B.pic AS writerPic
        FROM feed_comment A
        JOIN user B
        ON  A.user_id = B.user_id
        WHERE A.feed_id = 24
        ORDER BY A.created_at DESC
        LIMIT 4
 {executed in 0 msec}[0;39m
[2024-05-22 16:16:40 [32mINFO [0;39m http-nio-8080-exec-2] [jdbc.resultsettable] [36m
|----------------|--------|-----------|--------|---|----|
|feed_comment_id |comment |created_at |user_id |nm |pic |
|----------------|--------|-----------|--------|---|----|
|----------------|--------|-----------|--------|---|----|
[0;39m
[2024-05-22 16:16:40 [32mDEBUG[0;39m http-nio-8080-exec-2] [jdbc.sqltiming] [36m com.zaxxer.hikari.pool.ProxyPreparedStatement.execute(ProxyPreparedStatement.java:44)
1. SELECT pic
        FROM feed_pics
        WHERE feed_id = 23
 {executed in 0 msec}[0;39m
[2024-05-22 16:16:40 [32mINFO [0;39m http-nio-8080-exec-2] [jdbc.resultsettable] [36m
|----|
|pic |
|----|
|----|
[0;39m
[2024-05-22 16:16:40 [32mDEBUG[0;39m http-nio-8080-exec-2] [jdbc.sqltiming] [36m com.zaxxer.hikari.pool.ProxyPreparedStatement.execute(ProxyPreparedStatement.java:44)
1. SELECT 	A.feed_comment_id AS feedCommentId,
                A.comment,
                A.created_at AS createdAt,
                B.user_id AS writerId,
                B.nm AS writerNm,
                B.pic AS writerPic
        FROM feed_comment A
        JOIN user B
        ON  A.user_id = B.user_id
        WHERE A.feed_id = 23
        ORDER BY A.created_at DESC
        LIMIT 4
 {executed in 0 msec}[0;39m
[2024-05-22 16:16:40 [32mINFO [0;39m http-nio-8080-exec-2] [jdbc.resultsettable] [36m
|----------------|--------|-----------|--------|---|----|
|feed_comment_id |comment |created_at |user_id |nm |pic |
|----------------|--------|-----------|--------|---|----|
|----------------|--------|-----------|--------|---|----|
[0;39m
[2024-05-22 16:16:40 [32mDEBUG[0;39m http-nio-8080-exec-2] [jdbc.sqltiming] [36m com.zaxxer.hikari.pool.ProxyPreparedStatement.execute(ProxyPreparedStatement.java:44)
1. SELECT pic
        FROM feed_pics
        WHERE feed_id = 22
 {executed in 0 msec}[0;39m
[2024-05-22 16:16:40 [32mINFO [0;39m http-nio-8080-exec-2] [jdbc.resultsettable] [36m
|----|
|pic |
|----|
|----|
[0;39m
[2024-05-22 16:16:40 [32mDEBUG[0;39m http-nio-8080-exec-2] [jdbc.sqltiming] [36m com.zaxxer.hikari.pool.ProxyPreparedStatement.execute(ProxyPreparedStatement.java:44)
1. SELECT 	A.feed_comment_id AS feedCommentId,
                A.comment,
                A.created_at AS createdAt,
                B.user_id AS writerId,
                B.nm AS writerNm,
                B.pic AS writerPic
        FROM feed_comment A
        JOIN user B
        ON  A.user_id = B.user_id
        WHERE A.feed_id = 22
        ORDER BY A.created_at DESC
        LIMIT 4
 {executed in 0 msec}[0;39m
[2024-05-22 16:16:40 [32mINFO [0;39m http-nio-8080-exec-2] [jdbc.resultsettable] [36m
|----------------|--------|-----------|--------|---|----|
|feed_comment_id |comment |created_at |user_id |nm |pic |
|----------------|--------|-----------|--------|---|----|
|----------------|--------|-----------|--------|---|----|
[0;39m
[2024-05-22 16:16:40 [32mDEBUG[0;39m http-nio-8080-exec-2] [jdbc.sqltiming] [36m com.zaxxer.hikari.pool.ProxyPreparedStatement.execute(ProxyPreparedStatement.java:44)
1. SELECT pic
        FROM feed_pics
        WHERE feed_id = 21
 {executed in 1 msec}[0;39m
[2024-05-22 16:16:40 [32mINFO [0;39m http-nio-8080-exec-2] [jdbc.resultsettable] [36m
|----|
|pic |
|----|
|----|
[0;39m
[2024-05-22 16:16:40 [32mDEBUG[0;39m http-nio-8080-exec-2] [jdbc.sqltiming] [36m com.zaxxer.hikari.pool.ProxyPreparedStatement.execute(ProxyPreparedStatement.java:44)
1. SELECT 	A.feed_comment_id AS feedCommentId,
                A.comment,
                A.created_at AS createdAt,
                B.user_id AS writerId,
                B.nm AS writerNm,
                B.pic AS writerPic
        FROM feed_comment A
        JOIN user B
        ON  A.user_id = B.user_id
        WHERE A.feed_id = 21
        ORDER BY A.created_at DESC
        LIMIT 4
 {executed in 0 msec}[0;39m
[2024-05-22 16:16:40 [32mINFO [0;39m http-nio-8080-exec-2] [jdbc.resultsettable] [36m
|----------------|--------|-----------|--------|---|----|
|feed_comment_id |comment |created_at |user_id |nm |pic |
|----------------|--------|-----------|--------|---|----|
|----------------|--------|-----------|--------|---|----|
[0;39m
[2024-05-22 16:16:40 [32mDEBUG[0;39m http-nio-8080-exec-2] [jdbc.sqltiming] [36m com.zaxxer.hikari.pool.ProxyPreparedStatement.execute(ProxyPreparedStatement.java:44)
1. SELECT pic
        FROM feed_pics
        WHERE feed_id = 20
 {executed in 0 msec}[0;39m
[2024-05-22 16:16:40 [32mINFO [0;39m http-nio-8080-exec-2] [jdbc.resultsettable] [36m
|----|
|pic |
|----|
|----|
[0;39m
[2024-05-22 16:16:40 [32mDEBUG[0;39m http-nio-8080-exec-2] [jdbc.sqltiming] [36m com.zaxxer.hikari.pool.ProxyPreparedStatement.execute(ProxyPreparedStatement.java:44)
1. SELECT 	A.feed_comment_id AS feedCommentId,
                A.comment,
                A.created_at AS createdAt,
                B.user_id AS writerId,
                B.nm AS writerNm,
                B.pic AS writerPic
        FROM feed_comment A
        JOIN user B
        ON  A.user_id = B.user_id
        WHERE A.feed_id = 20
        ORDER BY A.created_at DESC
        LIMIT 4
 {executed in 0 msec}[0;39m
[2024-05-22 16:16:40 [32mINFO [0;39m http-nio-8080-exec-2] [jdbc.resultsettable] [36m
|----------------|--------|-----------|--------|---|----|
|feed_comment_id |comment |created_at |user_id |nm |pic |
|----------------|--------|-----------|--------|---|----|
|----------------|--------|-----------|--------|---|----|
[0;39m
[2024-05-22 16:16:40 [32mDEBUG[0;39m http-nio-8080-exec-2] [jdbc.sqltiming] [36m com.zaxxer.hikari.pool.ProxyPreparedStatement.execute(ProxyPreparedStatement.java:44)
1. SELECT pic
        FROM feed_pics
        WHERE feed_id = 19
 {executed in 1 msec}[0;39m
[2024-05-22 16:16:40 [32mINFO [0;39m http-nio-8080-exec-2] [jdbc.resultsettable] [36m
|----|
|pic |
|----|
|----|
[0;39m
[2024-05-22 16:16:40 [32mDEBUG[0;39m http-nio-8080-exec-2] [jdbc.sqltiming] [36m com.zaxxer.hikari.pool.ProxyPreparedStatement.execute(ProxyPreparedStatement.java:44)
1. SELECT 	A.feed_comment_id AS feedCommentId,
                A.comment,
                A.created_at AS createdAt,
                B.user_id AS writerId,
                B.nm AS writerNm,
                B.pic AS writerPic
        FROM feed_comment A
        JOIN user B
        ON  A.user_id = B.user_id
        WHERE A.feed_id = 19
        ORDER BY A.created_at DESC
        LIMIT 4
 {executed in 0 msec}[0;39m
[2024-05-22 16:16:40 [32mINFO [0;39m http-nio-8080-exec-2] [jdbc.resultsettable] [36m
|----------------|--------|-----------|--------|---|----|
|feed_comment_id |comment |created_at |user_id |nm |pic |
|----------------|--------|-----------|--------|---|----|
|----------------|--------|-----------|--------|---|----|
[0;39m
[2024-05-22 16:16:40 [32mDEBUG[0;39m http-nio-8080-exec-2] [jdbc.sqltiming] [36m com.zaxxer.hikari.pool.ProxyPreparedStatement.execute(ProxyPreparedStatement.java:44)
1. SELECT pic
        FROM feed_pics
        WHERE feed_id = 18
 {executed in 1 msec}[0;39m
[2024-05-22 16:16:40 [32mINFO [0;39m http-nio-8080-exec-2] [jdbc.resultsettable] [36m
|----|
|pic |
|----|
|----|
[0;39m
[2024-05-22 16:16:40 [32mDEBUG[0;39m http-nio-8080-exec-2] [jdbc.sqltiming] [36m com.zaxxer.hikari.pool.ProxyPreparedStatement.execute(ProxyPreparedStatement.java:44)
1. SELECT 	A.feed_comment_id AS feedCommentId,
                A.comment,
                A.created_at AS createdAt,
                B.user_id AS writerId,
                B.nm AS writerNm,
                B.pic AS writerPic
        FROM feed_comment A
        JOIN user B
        ON  A.user_id = B.user_id
        WHERE A.feed_id = 18
        ORDER BY A.created_at DESC
        LIMIT 4
 {executed in 0 msec}[0;39m
[2024-05-22 16:16:40 [32mINFO [0;39m http-nio-8080-exec-2] [jdbc.resultsettable] [36m
|----------------|--------|-----------|--------|---|----|
|feed_comment_id |comment |created_at |user_id |nm |pic |
|----------------|--------|-----------|--------|---|----|
|----------------|--------|-----------|--------|---|----|
[0;39m
[2024-05-22 16:16:40 [32mDEBUG[0;39m http-nio-8080-exec-2] [jdbc.sqltiming] [36m com.zaxxer.hikari.pool.ProxyPreparedStatement.execute(ProxyPreparedStatement.java:44)
1. SELECT pic
        FROM feed_pics
        WHERE feed_id = 17
 {executed in 1 msec}[0;39m
[2024-05-22 16:16:40 [32mINFO [0;39m http-nio-8080-exec-2] [jdbc.resultsettable] [36m
|----|
|pic |
|----|
|----|
[0;39m
[2024-05-22 16:16:40 [32mDEBUG[0;39m http-nio-8080-exec-2] [jdbc.sqltiming] [36m com.zaxxer.hikari.pool.ProxyPreparedStatement.execute(ProxyPreparedStatement.java:44)
1. SELECT 	A.feed_comment_id AS feedCommentId,
                A.comment,
                A.created_at AS createdAt,
                B.user_id AS writerId,
                B.nm AS writerNm,
                B.pic AS writerPic
        FROM feed_comment A
        JOIN user B
        ON  A.user_id = B.user_id
        WHERE A.feed_id = 17
        ORDER BY A.created_at DESC
        LIMIT 4
 {executed in 0 msec}[0;39m
[2024-05-22 16:16:40 [32mINFO [0;39m http-nio-8080-exec-2] [jdbc.resultsettable] [36m
|----------------|--------|-----------|--------|---|----|
|feed_comment_id |comment |created_at |user_id |nm |pic |
|----------------|--------|-----------|--------|---|----|
|----------------|--------|-----------|--------|---|----|
[0;39m
[2024-05-22 16:16:40 [32mDEBUG[0;39m http-nio-8080-exec-2] [jdbc.sqltiming] [36m com.zaxxer.hikari.pool.ProxyPreparedStatement.execute(ProxyPreparedStatement.java:44)
1. SELECT pic
        FROM feed_pics
        WHERE feed_id = 16
 {executed in 0 msec}[0;39m
[2024-05-22 16:16:40 [32mINFO [0;39m http-nio-8080-exec-2] [jdbc.resultsettable] [36m
|----|
|pic |
|----|
|----|
[0;39m
[2024-05-22 16:16:40 [32mDEBUG[0;39m http-nio-8080-exec-2] [jdbc.sqltiming] [36m com.zaxxer.hikari.pool.ProxyPreparedStatement.execute(ProxyPreparedStatement.java:44)
1. SELECT 	A.feed_comment_id AS feedCommentId,
                A.comment,
                A.created_at AS createdAt,
                B.user_id AS writerId,
                B.nm AS writerNm,
                B.pic AS writerPic
        FROM feed_comment A
        JOIN user B
        ON  A.user_id = B.user_id
        WHERE A.feed_id = 16
        ORDER BY A.created_at DESC
        LIMIT 4
 {executed in 1 msec}[0;39m
[2024-05-22 16:16:40 [32mINFO [0;39m http-nio-8080-exec-2] [jdbc.resultsettable] [36m
|----------------|--------|--------------------|--------|----|----|
|feed_comment_id |comment |created_at          |user_id |nm  |pic |
|----------------|--------|--------------------|--------|----|----|
|6               |아아      |2024-05-10 11:45:28 |6       |김동현 |null|
|5               |아아      |2024-05-10 11:45:27 |6       |김동현 |null|
|4               |아아      |2024-05-10 11:45:26 |6       |김동현 |null|
|3               |아아      |2024-05-10 11:45:25 |6       |김동현 |null|
|----------------|--------|--------------------|--------|----|----|
[0;39m
[2024-05-22 16:16:40 [32mDEBUG[0;39m http-nio-8080-exec-2] [jdbc.sqltiming] [36m com.zaxxer.hikari.pool.ProxyPreparedStatement.execute(ProxyPreparedStatement.java:44)
1. SELECT pic
        FROM feed_pics
        WHERE feed_id = 15
 {executed in 1 msec}[0;39m
[2024-05-22 16:16:40 [32mINFO [0;39m http-nio-8080-exec-2] [jdbc.resultsettable] [36m
|------------------------------------------|
|pic                                       |
|------------------------------------------|
|47ad16bf-1451-457e-b4f5-b88c5c65b5cc.webp |
|------------------------------------------|
[0;39m
[2024-05-22 16:16:40 [32mDEBUG[0;39m http-nio-8080-exec-2] [jdbc.sqltiming] [36m com.zaxxer.hikari.pool.ProxyPreparedStatement.execute(ProxyPreparedStatement.java:44)
1. SELECT 	A.feed_comment_id AS feedCommentId,
                A.comment,
                A.created_at AS createdAt,
                B.user_id AS writerId,
                B.nm AS writerNm,
                B.pic AS writerPic
        FROM feed_comment A
        JOIN user B
        ON  A.user_id = B.user_id
        WHERE A.feed_id = 15
        ORDER BY A.created_at DESC
        LIMIT 4
 {executed in 0 msec}[0;39m
[2024-05-22 16:16:40 [32mINFO [0;39m http-nio-8080-exec-2] [jdbc.resultsettable] [36m
|----------------|--------|-----------|--------|---|----|
|feed_comment_id |comment |created_at |user_id |nm |pic |
|----------------|--------|-----------|--------|---|----|
|----------------|--------|-----------|--------|---|----|
[0;39m
[2024-05-22 16:16:40 [32mDEBUG[0;39m http-nio-8080-exec-2] [jdbc.sqltiming] [36m com.zaxxer.hikari.pool.ProxyPreparedStatement.execute(ProxyPreparedStatement.java:44)
1. SELECT pic
        FROM feed_pics
        WHERE feed_id = 14
 {executed in 0 msec}[0;39m
[2024-05-22 16:16:40 [32mINFO [0;39m http-nio-8080-exec-2] [jdbc.resultsettable] [36m
|------------------------------------------|
|pic                                       |
|------------------------------------------|
|bbd9007d-afd7-4af0-90e6-f21b313a988a.webp |
|------------------------------------------|
[0;39m
[2024-05-22 16:16:40 [32mDEBUG[0;39m http-nio-8080-exec-2] [jdbc.sqltiming] [36m com.zaxxer.hikari.pool.ProxyPreparedStatement.execute(ProxyPreparedStatement.java:44)
1. SELECT 	A.feed_comment_id AS feedCommentId,
                A.comment,
                A.created_at AS createdAt,
                B.user_id AS writerId,
                B.nm AS writerNm,
                B.pic AS writerPic
        FROM feed_comment A
        JOIN user B
        ON  A.user_id = B.user_id
        WHERE A.feed_id = 14
        ORDER BY A.created_at DESC
        LIMIT 4
 {executed in 0 msec}[0;39m
[2024-05-22 16:16:40 [32mINFO [0;39m http-nio-8080-exec-2] [jdbc.resultsettable] [36m
|----------------|--------|-----------|--------|---|----|
|feed_comment_id |comment |created_at |user_id |nm |pic |
|----------------|--------|-----------|--------|---|----|
|----------------|--------|-----------|--------|---|----|
[0;39m
[2024-05-22 16:16:40 [32mDEBUG[0;39m http-nio-8080-exec-2] [jdbc.sqltiming] [36m com.zaxxer.hikari.pool.ProxyPreparedStatement.execute(ProxyPreparedStatement.java:44)
1. SELECT pic
        FROM feed_pics
        WHERE feed_id = 13
 {executed in 1 msec}[0;39m
[2024-05-22 16:16:40 [32mINFO [0;39m http-nio-8080-exec-2] [jdbc.resultsettable] [36m
|------------------------------------------|
|pic                                       |
|------------------------------------------|
|4e5ac0da-c204-43d1-8f89-bab9b5a46b53.webp |
|------------------------------------------|
[0;39m
[2024-05-22 16:16:40 [32mDEBUG[0;39m http-nio-8080-exec-2] [jdbc.sqltiming] [36m com.zaxxer.hikari.pool.ProxyPreparedStatement.execute(ProxyPreparedStatement.java:44)
1. SELECT 	A.feed_comment_id AS feedCommentId,
                A.comment,
                A.created_at AS createdAt,
                B.user_id AS writerId,
                B.nm AS writerNm,
                B.pic AS writerPic
        FROM feed_comment A
        JOIN user B
        ON  A.user_id = B.user_id
        WHERE A.feed_id = 13
        ORDER BY A.created_at DESC
        LIMIT 4
 {executed in 0 msec}[0;39m
[2024-05-22 16:16:40 [32mINFO [0;39m http-nio-8080-exec-2] [jdbc.resultsettable] [36m
|----------------|--------|-----------|--------|---|----|
|feed_comment_id |comment |created_at |user_id |nm |pic |
|----------------|--------|-----------|--------|---|----|
|----------------|--------|-----------|--------|---|----|
[0;39m
[2024-05-22 16:16:40 [32mDEBUG[0;39m http-nio-8080-exec-2] [jdbc.sqltiming] [36m com.zaxxer.hikari.pool.ProxyPreparedStatement.execute(ProxyPreparedStatement.java:44)
1. SELECT pic
        FROM feed_pics
        WHERE feed_id = 12
 {executed in 0 msec}[0;39m
[2024-05-22 16:16:40 [32mINFO [0;39m http-nio-8080-exec-2] [jdbc.resultsettable] [36m
|------------------------------------------|
|pic                                       |
|------------------------------------------|
|5195fb19-d0c3-4f78-b50c-b8ea2996df8f.webp |
|------------------------------------------|
[0;39m
[2024-05-22 16:16:40 [32mDEBUG[0;39m http-nio-8080-exec-2] [jdbc.sqltiming] [36m com.zaxxer.hikari.pool.ProxyPreparedStatement.execute(ProxyPreparedStatement.java:44)
1. SELECT 	A.feed_comment_id AS feedCommentId,
                A.comment,
                A.created_at AS createdAt,
                B.user_id AS writerId,
                B.nm AS writerNm,
                B.pic AS writerPic
        FROM feed_comment A
        JOIN user B
        ON  A.user_id = B.user_id
        WHERE A.feed_id = 12
        ORDER BY A.created_at DESC
        LIMIT 4
 {executed in 0 msec}[0;39m
[2024-05-22 16:16:40 [32mINFO [0;39m http-nio-8080-exec-2] [jdbc.resultsettable] [36m
|----------------|--------|-----------|--------|---|----|
|feed_comment_id |comment |created_at |user_id |nm |pic |
|----------------|--------|-----------|--------|---|----|
|----------------|--------|-----------|--------|---|----|
[0;39m
[2024-05-22 16:16:40 [32mDEBUG[0;39m http-nio-8080-exec-2] [jdbc.sqltiming] [36m com.zaxxer.hikari.pool.ProxyPreparedStatement.execute(ProxyPreparedStatement.java:44)
1. SELECT pic
        FROM feed_pics
        WHERE feed_id = 11
 {executed in 0 msec}[0;39m
[2024-05-22 16:16:40 [32mINFO [0;39m http-nio-8080-exec-2] [jdbc.resultsettable] [36m
|----|
|pic |
|----|
|----|
[0;39m
[2024-05-22 16:16:40 [32mDEBUG[0;39m http-nio-8080-exec-2] [jdbc.sqltiming] [36m com.zaxxer.hikari.pool.ProxyPreparedStatement.execute(ProxyPreparedStatement.java:44)
1. SELECT 	A.feed_comment_id AS feedCommentId,
                A.comment,
                A.created_at AS createdAt,
                B.user_id AS writerId,
                B.nm AS writerNm,
                B.pic AS writerPic
        FROM feed_comment A
        JOIN user B
        ON  A.user_id = B.user_id
        WHERE A.feed_id = 11
        ORDER BY A.created_at DESC
        LIMIT 4
 {executed in 0 msec}[0;39m
[2024-05-22 16:16:40 [32mINFO [0;39m http-nio-8080-exec-2] [jdbc.resultsettable] [36m
|----------------|--------|-----------|--------|---|----|
|feed_comment_id |comment |created_at |user_id |nm |pic |
|----------------|--------|-----------|--------|---|----|
|----------------|--------|-----------|--------|---|----|
[0;39m
[2024-05-22 16:17:27 [32mINFO [0;39m SpringApplicationShutdownHook] [com.zaxxer.hikari.HikariDataSource] [36mHikariPool-1 - Shutdown initiated...[0;39m
[2024-05-22 16:17:27 [32mINFO [0;39m SpringApplicationShutdownHook] [com.zaxxer.hikari.HikariDataSource] [36mHikariPool-1 - Shutdown completed.[0;39m
[2024-05-22 16:17:29 [32mINFO [0;39m restartedMain] [com.green.greengram.GreenGramTdd] [36mStarting GreenGramVer2Application using Java 17.0.10 with PID 11156 (D:\Students\DongHyeon\2024-01\backEnd\GreenGramVer2\build\classes\java\main started by Administrator in D:\Students\DongHyeon\2024-01\backEnd\GreenGramVer2)[0;39m
[2024-05-22 16:17:29 [32mINFO [0;39m restartedMain] [com.green.greengram.GreenGramTdd] [36mNo active profile set, falling back to 1 default profile: "default"[0;39m
[2024-05-22 16:17:29 [32mINFO [0;39m restartedMain] [org.springframework.boot.devtools.env.DevToolsPropertyDefaultsPostProcessor] [36mDevtools property defaults active! Set 'spring.devtools.add-properties' to 'false' to disable[0;39m
[2024-05-22 16:17:29 [32mINFO [0;39m restartedMain] [org.springframework.boot.devtools.env.DevToolsPropertyDefaultsPostProcessor] [36mFor additional web related logging consider setting the 'logging.level.web' property to 'DEBUG'[0;39m
[2024-05-22 16:17:30 [32mINFO [0;39m restartedMain] [org.springframework.boot.web.embedded.tomcat.TomcatWebServer] [36mTomcat initialized with port 8080 (http)[0;39m
[2024-05-22 16:17:30 [32mINFO [0;39m restartedMain] [org.apache.coyote.http11.Http11NioProtocol] [36mInitializing ProtocolHandler ["http-nio-8080"][0;39m
[2024-05-22 16:17:30 [32mINFO [0;39m restartedMain] [org.apache.catalina.core.StandardService] [36mStarting service [Tomcat][0;39m
[2024-05-22 16:17:30 [32mINFO [0;39m restartedMain] [org.apache.catalina.core.StandardEngine] [36mStarting Servlet engine: [Apache Tomcat/10.1.20][0;39m
[2024-05-22 16:17:30 [32mINFO [0;39m restartedMain] [org.apache.catalina.core.ContainerBase.[Tomcat].[localhost].[/]] [36mInitializing Spring embedded WebApplicationContext[0;39m
[2024-05-22 16:17:30 [32mINFO [0;39m restartedMain] [org.springframework.boot.web.servlet.context.ServletWebServerApplicationContext] [36mRoot WebApplicationContext: initialization completed in 1119 ms[0;39m
[2024-05-22 16:17:31 [32mINFO [0;39m restartedMain] [org.springframework.boot.autoconfigure.web.servlet.WelcomePageHandlerMapping] [36mAdding welcome page: class path resource [static/index.html][0;39m
[2024-05-22 16:17:31 [32mINFO [0;39m restartedMain] [org.springframework.boot.devtools.autoconfigure.OptionalLiveReloadServer] [36mLiveReload server is running on port 35729[0;39m
[2024-05-22 16:17:31 [32mINFO [0;39m restartedMain] [org.springframework.boot.actuate.endpoint.web.EndpointLinksResolver] [36mExposing 1 endpoint(s) beneath base path '/actuator'[0;39m
[2024-05-22 16:17:31 [32mINFO [0;39m restartedMain] [org.apache.coyote.http11.Http11NioProtocol] [36mStarting ProtocolHandler ["http-nio-8080"][0;39m
[2024-05-22 16:17:31 [32mINFO [0;39m restartedMain] [org.springframework.boot.web.embedded.tomcat.TomcatWebServer] [36mTomcat started on port 8080 (http) with context path ''[0;39m
[2024-05-22 16:17:31 [32mINFO [0;39m restartedMain] [com.green.greengram.GreenGramTdd] [36mStarted GreenGramVer2Application in 2.184 seconds (process running for 2.559)[0;39m
[2024-05-22 16:17:31 [32mINFO [0;39m http-nio-8080-exec-1] [org.apache.catalina.core.ContainerBase.[Tomcat].[localhost].[/]] [36mInitializing Spring DispatcherServlet 'dispatcherServlet'[0;39m
[2024-05-22 16:17:31 [32mINFO [0;39m http-nio-8080-exec-1] [org.springframework.web.servlet.DispatcherServlet] [36mInitializing Servlet 'dispatcherServlet'[0;39m
[2024-05-22 16:17:31 [32mINFO [0;39m http-nio-8080-exec-1] [org.springframework.web.servlet.DispatcherServlet] [36mCompleted initialization in 1 ms[0;39m
[2024-05-22 16:17:31 [32mINFO [0;39m RMI TCP Connection(3)-192.168.0.193] [com.zaxxer.hikari.HikariDataSource] [36mHikariPool-1 - Starting...[0;39m
[2024-05-22 16:17:31 [32mINFO [0;39m RMI TCP Connection(3)-192.168.0.193] [com.zaxxer.hikari.pool.HikariPool] [36mHikariPool-1 - Added connection net.sf.log4jdbc.sql.jdbcapi.ConnectionSpy@5780eec3[0;39m
[2024-05-22 16:17:31 [32mINFO [0;39m RMI TCP Connection(3)-192.168.0.193] [com.zaxxer.hikari.HikariDataSource] [36mHikariPool-1 - Start completed.[0;39m
[2024-05-22 16:17:31 [32mDEBUG[0;39m http-nio-8080-exec-3] [jdbc.sqltiming] [36m com.zaxxer.hikari.pool.ProxyPreparedStatement.execute(ProxyPreparedStatement.java:44)
2. SELECT  A.feed_id AS feedId,
                B.user_id AS writerId,
                B.nm AS writerNm,
                B.pic AS writerPic,
                A.contents,
                A.location,
                A.created_at AS createdAt,
                IF (C.feed_id IS NULL, 0, 1) AS isFav
        FROM feed A
        JOIN user B
        ON A.writer_id = B.user_id
        LEFT JOIN feed_favorite C
        ON A.feed_id = C.feed_id
        AND C.user_id = 23

        ORDER BY A.feed_id DESC
        LIMIT 0, 20
 {executed in 1 msec}[0;39m
[2024-05-22 16:17:31 [32mINFO [0;39m http-nio-8080-exec-3] [jdbc.resultsettable] [36m
|--------|--------|----|------------------------------------------|----------|----------|--------------------|------|
|feed_id |user_id |nm  |pic                                       |contents  |location  |created_at          |isfav |
|--------|--------|----|------------------------------------------|----------|----------|--------------------|------|
|32      |23      |꾸   |452beff4-c7e8-43cc-a3b3-fca019ccfdb7.png  |ㄹㄹ        |ㄹㄹ        |2024-05-13 12:05:30 |0     |
|29      |20      |22  |f9c9b697-c5fa-4541-b72e-37c6a49a0682.png  |asdadssda |asdasd    |2024-05-10 18:06:55 |0     |
|28      |20      |22  |f9c9b697-c5fa-4541-b72e-37c6a49a0682.png  |22        |22        |2024-05-10 17:28:18 |0     |
|27      |19      |123 |ec520517-0f85-44f0-ab44-b3da3b822c23.webp |wqqwd     |qwdwqd    |2024-05-10 17:26:28 |0     |
|26      |19      |123 |ec520517-0f85-44f0-ab44-b3da3b822c23.webp |qwdqwdqwd |wqdqwdqdw |2024-05-10 17:24:21 |0     |
|25      |19      |123 |ec520517-0f85-44f0-ab44-b3da3b822c23.webp |qwdwqd    |dwqwqd    |2024-05-10 17:23:44 |0     |
|24      |19      |123 |ec520517-0f85-44f0-ab44-b3da3b822c23.webp |dwqwqd    |wqdqwd    |2024-05-10 17:22:55 |0     |
|23      |19      |123 |ec520517-0f85-44f0-ab44-b3da3b822c23.webp |qdwqdw    |qwdwqd    |2024-05-10 17:21:36 |0     |
|22      |19      |123 |ec520517-0f85-44f0-ab44-b3da3b822c23.webp |qwdqwd    |qwddwq    |2024-05-10 17:20:34 |0     |
|21      |19      |123 |ec520517-0f85-44f0-ab44-b3da3b822c23.webp |qwdqwdqwd |qwdwdq    |2024-05-10 17:19:21 |0     |
|20      |19      |123 |ec520517-0f85-44f0-ab44-b3da3b822c23.webp |wdqqwdwdq |wqd       |2024-05-10 17:17:20 |0     |
|19      |19      |123 |ec520517-0f85-44f0-ab44-b3da3b822c23.webp |qwdqwd    |qwdqwd    |2024-05-10 17:16:09 |0     |
|18      |19      |123 |ec520517-0f85-44f0-ab44-b3da3b822c23.webp |dwqwqd    |qwddwq    |2024-05-10 17:14:55 |0     |
|17      |19      |123 |ec520517-0f85-44f0-ab44-b3da3b822c23.webp |asdads    |asdasd    |2024-05-10 17:14:44 |0     |
|16      |6       |김동현 |null                                      |123       |ㅇㅇ        |2024-05-07 17:03:12 |0     |
|15      |4       |홍길동 |null                                      |으으        |대         |2024-05-07 12:57:39 |0     |
|14      |3       |홍길동 |ec520517-0f85-44f0-ab44-b3da3b822c23.webp |으으        |대         |2024-05-07 12:57:35 |0     |
|13      |2       |홍길동 |42031e6b-e2ff-4955-ab14-77fb0b50916f.webp |으으        |대         |2024-05-07 12:57:29 |0     |
|12      |1       |홍길동 |null                                      |으으        |대         |2024-05-07 11:10:08 |0     |
|11      |1       |홍길동 |null                                      |으으        |대         |2024-05-07 11:09:50 |0     |
|--------|--------|----|------------------------------------------|----------|----------|--------------------|------|
[0;39m
[2024-05-22 16:17:31 [32mDEBUG[0;39m http-nio-8080-exec-3] [jdbc.sqltiming] [36m com.zaxxer.hikari.pool.ProxyPreparedStatement.execute(ProxyPreparedStatement.java:44)
2. SELECT pic
        FROM feed_pics
        WHERE feed_id = 32
 {executed in 0 msec}[0;39m
[2024-05-22 16:17:31 [32mINFO [0;39m http-nio-8080-exec-3] [jdbc.resultsettable] [36m
|-----------------------------------------|
|pic                                      |
|-----------------------------------------|
|b1ac288f-6c38-4c97-a661-48d45ff9fd0a.png |
|59b63d79-91c6-4792-b322-9dbdffb302a7.png |
|4ef491b9-41fc-4c60-bc53-541edeec8395.jpg |
|-----------------------------------------|
[0;39m
[2024-05-22 16:17:31 [32mDEBUG[0;39m http-nio-8080-exec-3] [jdbc.sqltiming] [36m com.zaxxer.hikari.pool.ProxyPreparedStatement.execute(ProxyPreparedStatement.java:44)
2. SELECT 	A.feed_comment_id AS feedCommentId,
                A.comment,
                A.created_at AS createdAt,
                B.user_id AS writerId,
                B.nm AS writerNm,
                B.pic AS writerPic
        FROM feed_comment A
        JOIN user B
        ON  A.user_id = B.user_id
        WHERE A.feed_id = 32
        ORDER BY A.created_at DESC
        LIMIT 4
 {executed in 0 msec}[0;39m
[2024-05-22 16:17:31 [32mINFO [0;39m http-nio-8080-exec-3] [jdbc.resultsettable] [36m
|----------------|--------|--------------------|--------|---|-----------------------------------------|
|feed_comment_id |comment |created_at          |user_id |nm |pic                                      |
|----------------|--------|--------------------|--------|---|-----------------------------------------|
|17              |ㅁㄴㅇㅁㄴㅇ  |2024-05-13 16:03:31 |23      |꾸  |452beff4-c7e8-43cc-a3b3-fca019ccfdb7.png |
|16              |ㅁㄴㅇㅁㄴㅇ  |2024-05-13 16:03:30 |23      |꾸  |452beff4-c7e8-43cc-a3b3-fca019ccfdb7.png |
|15              |ㅁㄴㅇ     |2024-05-13 16:03:29 |23      |꾸  |452beff4-c7e8-43cc-a3b3-fca019ccfdb7.png |
|14              |ㅁㄴㅇ     |2024-05-13 16:03:28 |23      |꾸  |452beff4-c7e8-43cc-a3b3-fca019ccfdb7.png |
|----------------|--------|--------------------|--------|---|-----------------------------------------|
[0;39m
[2024-05-22 16:17:31 [32mDEBUG[0;39m http-nio-8080-exec-3] [jdbc.sqltiming] [36m com.zaxxer.hikari.pool.ProxyPreparedStatement.execute(ProxyPreparedStatement.java:44)
2. SELECT pic
        FROM feed_pics
        WHERE feed_id = 29
 {executed in 0 msec}[0;39m
[2024-05-22 16:17:31 [32mINFO [0;39m http-nio-8080-exec-3] [jdbc.resultsettable] [36m
|-----------------------------------------|
|pic                                      |
|-----------------------------------------|
|c87400f4-afd3-4e4c-9429-fc4642581d6b.png |
|-----------------------------------------|
[0;39m
[2024-05-22 16:17:31 [32mDEBUG[0;39m http-nio-8080-exec-3] [jdbc.sqltiming] [36m com.zaxxer.hikari.pool.ProxyPreparedStatement.execute(ProxyPreparedStatement.java:44)
2. SELECT 	A.feed_comment_id AS feedCommentId,
                A.comment,
                A.created_at AS createdAt,
                B.user_id AS writerId,
                B.nm AS writerNm,
                B.pic AS writerPic
        FROM feed_comment A
        JOIN user B
        ON  A.user_id = B.user_id
        WHERE A.feed_id = 29
        ORDER BY A.created_at DESC
        LIMIT 4
 {executed in 0 msec}[0;39m
[2024-05-22 16:17:31 [32mINFO [0;39m http-nio-8080-exec-3] [jdbc.resultsettable] [36m
|----------------|--------|-----------|--------|---|----|
|feed_comment_id |comment |created_at |user_id |nm |pic |
|----------------|--------|-----------|--------|---|----|
|----------------|--------|-----------|--------|---|----|
[0;39m
[2024-05-22 16:17:31 [32mDEBUG[0;39m http-nio-8080-exec-3] [jdbc.sqltiming] [36m com.zaxxer.hikari.pool.ProxyPreparedStatement.execute(ProxyPreparedStatement.java:44)
2. SELECT pic
        FROM feed_pics
        WHERE feed_id = 28
 {executed in 0 msec}[0;39m
[2024-05-22 16:17:31 [32mINFO [0;39m http-nio-8080-exec-3] [jdbc.resultsettable] [36m
|-----------------------------------------|
|pic                                      |
|-----------------------------------------|
|81e2e28d-eb7d-49e4-91fa-efd13b3a2db7.png |
|-----------------------------------------|
[0;39m
[2024-05-22 16:17:31 [32mDEBUG[0;39m http-nio-8080-exec-3] [jdbc.sqltiming] [36m com.zaxxer.hikari.pool.ProxyPreparedStatement.execute(ProxyPreparedStatement.java:44)
2. SELECT 	A.feed_comment_id AS feedCommentId,
                A.comment,
                A.created_at AS createdAt,
                B.user_id AS writerId,
                B.nm AS writerNm,
                B.pic AS writerPic
        FROM feed_comment A
        JOIN user B
        ON  A.user_id = B.user_id
        WHERE A.feed_id = 28
        ORDER BY A.created_at DESC
        LIMIT 4
 {executed in 0 msec}[0;39m
[2024-05-22 16:17:31 [32mINFO [0;39m http-nio-8080-exec-3] [jdbc.resultsettable] [36m
|----------------|--------|-----------|--------|---|----|
|feed_comment_id |comment |created_at |user_id |nm |pic |
|----------------|--------|-----------|--------|---|----|
|----------------|--------|-----------|--------|---|----|
[0;39m
[2024-05-22 16:17:31 [32mDEBUG[0;39m http-nio-8080-exec-3] [jdbc.sqltiming] [36m com.zaxxer.hikari.pool.ProxyPreparedStatement.execute(ProxyPreparedStatement.java:44)
2. SELECT pic
        FROM feed_pics
        WHERE feed_id = 27
 {executed in 0 msec}[0;39m
[2024-05-22 16:17:31 [32mINFO [0;39m http-nio-8080-exec-3] [jdbc.resultsettable] [36m
|------------------------------------------|
|pic                                       |
|------------------------------------------|
|ee5b4faf-e7b6-4353-8cf6-da34c5131bff.webp |
|------------------------------------------|
[0;39m
[2024-05-22 16:17:31 [32mDEBUG[0;39m http-nio-8080-exec-3] [jdbc.sqltiming] [36m com.zaxxer.hikari.pool.ProxyPreparedStatement.execute(ProxyPreparedStatement.java:44)
2. SELECT 	A.feed_comment_id AS feedCommentId,
                A.comment,
                A.created_at AS createdAt,
                B.user_id AS writerId,
                B.nm AS writerNm,
                B.pic AS writerPic
        FROM feed_comment A
        JOIN user B
        ON  A.user_id = B.user_id
        WHERE A.feed_id = 27
        ORDER BY A.created_at DESC
        LIMIT 4
 {executed in 1 msec}[0;39m
[2024-05-22 16:17:31 [32mINFO [0;39m http-nio-8080-exec-3] [jdbc.resultsettable] [36m
|----------------|--------|-----------|--------|---|----|
|feed_comment_id |comment |created_at |user_id |nm |pic |
|----------------|--------|-----------|--------|---|----|
|----------------|--------|-----------|--------|---|----|
[0;39m
[2024-05-22 16:17:31 [32mDEBUG[0;39m http-nio-8080-exec-3] [jdbc.sqltiming] [36m com.zaxxer.hikari.pool.ProxyPreparedStatement.execute(ProxyPreparedStatement.java:44)
2. SELECT pic
        FROM feed_pics
        WHERE feed_id = 26
 {executed in 0 msec}[0;39m
[2024-05-22 16:17:31 [32mINFO [0;39m http-nio-8080-exec-3] [jdbc.resultsettable] [36m
|----|
|pic |
|----|
|----|
[0;39m
[2024-05-22 16:17:31 [32mDEBUG[0;39m http-nio-8080-exec-3] [jdbc.sqltiming] [36m com.zaxxer.hikari.pool.ProxyPreparedStatement.execute(ProxyPreparedStatement.java:44)
2. SELECT 	A.feed_comment_id AS feedCommentId,
                A.comment,
                A.created_at AS createdAt,
                B.user_id AS writerId,
                B.nm AS writerNm,
                B.pic AS writerPic
        FROM feed_comment A
        JOIN user B
        ON  A.user_id = B.user_id
        WHERE A.feed_id = 26
        ORDER BY A.created_at DESC
        LIMIT 4
 {executed in 1 msec}[0;39m
[2024-05-22 16:17:31 [32mINFO [0;39m http-nio-8080-exec-3] [jdbc.resultsettable] [36m
|----------------|--------|-----------|--------|---|----|
|feed_comment_id |comment |created_at |user_id |nm |pic |
|----------------|--------|-----------|--------|---|----|
|----------------|--------|-----------|--------|---|----|
[0;39m
[2024-05-22 16:17:31 [32mDEBUG[0;39m http-nio-8080-exec-3] [jdbc.sqltiming] [36m com.zaxxer.hikari.pool.ProxyPreparedStatement.execute(ProxyPreparedStatement.java:44)
2. SELECT pic
        FROM feed_pics
        WHERE feed_id = 25
 {executed in 0 msec}[0;39m
[2024-05-22 16:17:31 [32mINFO [0;39m http-nio-8080-exec-3] [jdbc.resultsettable] [36m
|----|
|pic |
|----|
|----|
[0;39m
[2024-05-22 16:17:31 [32mDEBUG[0;39m http-nio-8080-exec-3] [jdbc.sqltiming] [36m com.zaxxer.hikari.pool.ProxyPreparedStatement.execute(ProxyPreparedStatement.java:44)
2. SELECT 	A.feed_comment_id AS feedCommentId,
                A.comment,
                A.created_at AS createdAt,
                B.user_id AS writerId,
                B.nm AS writerNm,
                B.pic AS writerPic
        FROM feed_comment A
        JOIN user B
        ON  A.user_id = B.user_id
        WHERE A.feed_id = 25
        ORDER BY A.created_at DESC
        LIMIT 4
 {executed in 1 msec}[0;39m
[2024-05-22 16:17:31 [32mINFO [0;39m http-nio-8080-exec-3] [jdbc.resultsettable] [36m
|----------------|--------|-----------|--------|---|----|
|feed_comment_id |comment |created_at |user_id |nm |pic |
|----------------|--------|-----------|--------|---|----|
|----------------|--------|-----------|--------|---|----|
[0;39m
[2024-05-22 16:17:31 [32mDEBUG[0;39m http-nio-8080-exec-3] [jdbc.sqltiming] [36m com.zaxxer.hikari.pool.ProxyPreparedStatement.execute(ProxyPreparedStatement.java:44)
2. SELECT pic
        FROM feed_pics
        WHERE feed_id = 24
 {executed in 0 msec}[0;39m
[2024-05-22 16:17:31 [32mINFO [0;39m http-nio-8080-exec-3] [jdbc.resultsettable] [36m
|----|
|pic |
|----|
|----|
[0;39m
[2024-05-22 16:17:31 [32mDEBUG[0;39m http-nio-8080-exec-3] [jdbc.sqltiming] [36m com.zaxxer.hikari.pool.ProxyPreparedStatement.execute(ProxyPreparedStatement.java:44)
2. SELECT 	A.feed_comment_id AS feedCommentId,
                A.comment,
                A.created_at AS createdAt,
                B.user_id AS writerId,
                B.nm AS writerNm,
                B.pic AS writerPic
        FROM feed_comment A
        JOIN user B
        ON  A.user_id = B.user_id
        WHERE A.feed_id = 24
        ORDER BY A.created_at DESC
        LIMIT 4
 {executed in 0 msec}[0;39m
[2024-05-22 16:17:31 [32mINFO [0;39m http-nio-8080-exec-3] [jdbc.resultsettable] [36m
|----------------|--------|-----------|--------|---|----|
|feed_comment_id |comment |created_at |user_id |nm |pic |
|----------------|--------|-----------|--------|---|----|
|----------------|--------|-----------|--------|---|----|
[0;39m
[2024-05-22 16:17:31 [32mDEBUG[0;39m http-nio-8080-exec-3] [jdbc.sqltiming] [36m com.zaxxer.hikari.pool.ProxyPreparedStatement.execute(ProxyPreparedStatement.java:44)
2. SELECT pic
        FROM feed_pics
        WHERE feed_id = 23
 {executed in 0 msec}[0;39m
[2024-05-22 16:17:31 [32mINFO [0;39m http-nio-8080-exec-3] [jdbc.resultsettable] [36m
|----|
|pic |
|----|
|----|
[0;39m
[2024-05-22 16:17:31 [32mDEBUG[0;39m http-nio-8080-exec-3] [jdbc.sqltiming] [36m com.zaxxer.hikari.pool.ProxyPreparedStatement.execute(ProxyPreparedStatement.java:44)
2. SELECT 	A.feed_comment_id AS feedCommentId,
                A.comment,
                A.created_at AS createdAt,
                B.user_id AS writerId,
                B.nm AS writerNm,
                B.pic AS writerPic
        FROM feed_comment A
        JOIN user B
        ON  A.user_id = B.user_id
        WHERE A.feed_id = 23
        ORDER BY A.created_at DESC
        LIMIT 4
 {executed in 0 msec}[0;39m
[2024-05-22 16:17:31 [32mINFO [0;39m http-nio-8080-exec-3] [jdbc.resultsettable] [36m
|----------------|--------|-----------|--------|---|----|
|feed_comment_id |comment |created_at |user_id |nm |pic |
|----------------|--------|-----------|--------|---|----|
|----------------|--------|-----------|--------|---|----|
[0;39m
[2024-05-22 16:17:31 [32mDEBUG[0;39m http-nio-8080-exec-3] [jdbc.sqltiming] [36m com.zaxxer.hikari.pool.ProxyPreparedStatement.execute(ProxyPreparedStatement.java:44)
2. SELECT pic
        FROM feed_pics
        WHERE feed_id = 22
 {executed in 0 msec}[0;39m
[2024-05-22 16:17:31 [32mINFO [0;39m http-nio-8080-exec-3] [jdbc.resultsettable] [36m
|----|
|pic |
|----|
|----|
[0;39m
[2024-05-22 16:17:31 [32mDEBUG[0;39m http-nio-8080-exec-3] [jdbc.sqltiming] [36m com.zaxxer.hikari.pool.ProxyPreparedStatement.execute(ProxyPreparedStatement.java:44)
2. SELECT 	A.feed_comment_id AS feedCommentId,
                A.comment,
                A.created_at AS createdAt,
                B.user_id AS writerId,
                B.nm AS writerNm,
                B.pic AS writerPic
        FROM feed_comment A
        JOIN user B
        ON  A.user_id = B.user_id
        WHERE A.feed_id = 22
        ORDER BY A.created_at DESC
        LIMIT 4
 {executed in 0 msec}[0;39m
[2024-05-22 16:17:31 [32mINFO [0;39m http-nio-8080-exec-3] [jdbc.resultsettable] [36m
|----------------|--------|-----------|--------|---|----|
|feed_comment_id |comment |created_at |user_id |nm |pic |
|----------------|--------|-----------|--------|---|----|
|----------------|--------|-----------|--------|---|----|
[0;39m
[2024-05-22 16:17:31 [32mDEBUG[0;39m http-nio-8080-exec-3] [jdbc.sqltiming] [36m com.zaxxer.hikari.pool.ProxyPreparedStatement.execute(ProxyPreparedStatement.java:44)
2. SELECT pic
        FROM feed_pics
        WHERE feed_id = 21
 {executed in 0 msec}[0;39m
[2024-05-22 16:17:31 [32mINFO [0;39m http-nio-8080-exec-3] [jdbc.resultsettable] [36m
|----|
|pic |
|----|
|----|
[0;39m
[2024-05-22 16:17:31 [32mDEBUG[0;39m http-nio-8080-exec-3] [jdbc.sqltiming] [36m com.zaxxer.hikari.pool.ProxyPreparedStatement.execute(ProxyPreparedStatement.java:44)
2. SELECT 	A.feed_comment_id AS feedCommentId,
                A.comment,
                A.created_at AS createdAt,
                B.user_id AS writerId,
                B.nm AS writerNm,
                B.pic AS writerPic
        FROM feed_comment A
        JOIN user B
        ON  A.user_id = B.user_id
        WHERE A.feed_id = 21
        ORDER BY A.created_at DESC
        LIMIT 4
 {executed in 0 msec}[0;39m
[2024-05-22 16:17:31 [32mINFO [0;39m http-nio-8080-exec-3] [jdbc.resultsettable] [36m
|----------------|--------|-----------|--------|---|----|
|feed_comment_id |comment |created_at |user_id |nm |pic |
|----------------|--------|-----------|--------|---|----|
|----------------|--------|-----------|--------|---|----|
[0;39m
[2024-05-22 16:17:31 [32mDEBUG[0;39m http-nio-8080-exec-3] [jdbc.sqltiming] [36m com.zaxxer.hikari.pool.ProxyPreparedStatement.execute(ProxyPreparedStatement.java:44)
2. SELECT pic
        FROM feed_pics
        WHERE feed_id = 20
 {executed in 0 msec}[0;39m
[2024-05-22 16:17:31 [32mINFO [0;39m http-nio-8080-exec-3] [jdbc.resultsettable] [36m
|----|
|pic |
|----|
|----|
[0;39m
[2024-05-22 16:17:31 [32mDEBUG[0;39m http-nio-8080-exec-3] [jdbc.sqltiming] [36m com.zaxxer.hikari.pool.ProxyPreparedStatement.execute(ProxyPreparedStatement.java:44)
2. SELECT 	A.feed_comment_id AS feedCommentId,
                A.comment,
                A.created_at AS createdAt,
                B.user_id AS writerId,
                B.nm AS writerNm,
                B.pic AS writerPic
        FROM feed_comment A
        JOIN user B
        ON  A.user_id = B.user_id
        WHERE A.feed_id = 20
        ORDER BY A.created_at DESC
        LIMIT 4
 {executed in 1 msec}[0;39m
[2024-05-22 16:17:31 [32mINFO [0;39m http-nio-8080-exec-3] [jdbc.resultsettable] [36m
|----------------|--------|-----------|--------|---|----|
|feed_comment_id |comment |created_at |user_id |nm |pic |
|----------------|--------|-----------|--------|---|----|
|----------------|--------|-----------|--------|---|----|
[0;39m
[2024-05-22 16:17:31 [32mDEBUG[0;39m http-nio-8080-exec-3] [jdbc.sqltiming] [36m com.zaxxer.hikari.pool.ProxyPreparedStatement.execute(ProxyPreparedStatement.java:44)
2. SELECT pic
        FROM feed_pics
        WHERE feed_id = 19
 {executed in 0 msec}[0;39m
[2024-05-22 16:17:31 [32mINFO [0;39m http-nio-8080-exec-3] [jdbc.resultsettable] [36m
|----|
|pic |
|----|
|----|
[0;39m
[2024-05-22 16:17:31 [32mDEBUG[0;39m http-nio-8080-exec-3] [jdbc.sqltiming] [36m com.zaxxer.hikari.pool.ProxyPreparedStatement.execute(ProxyPreparedStatement.java:44)
2. SELECT 	A.feed_comment_id AS feedCommentId,
                A.comment,
                A.created_at AS createdAt,
                B.user_id AS writerId,
                B.nm AS writerNm,
                B.pic AS writerPic
        FROM feed_comment A
        JOIN user B
        ON  A.user_id = B.user_id
        WHERE A.feed_id = 19
        ORDER BY A.created_at DESC
        LIMIT 4
 {executed in 0 msec}[0;39m
[2024-05-22 16:17:31 [32mINFO [0;39m http-nio-8080-exec-3] [jdbc.resultsettable] [36m
|----------------|--------|-----------|--------|---|----|
|feed_comment_id |comment |created_at |user_id |nm |pic |
|----------------|--------|-----------|--------|---|----|
|----------------|--------|-----------|--------|---|----|
[0;39m
[2024-05-22 16:17:31 [32mDEBUG[0;39m http-nio-8080-exec-3] [jdbc.sqltiming] [36m com.zaxxer.hikari.pool.ProxyPreparedStatement.execute(ProxyPreparedStatement.java:44)
2. SELECT pic
        FROM feed_pics
        WHERE feed_id = 18
 {executed in 0 msec}[0;39m
[2024-05-22 16:17:31 [32mINFO [0;39m http-nio-8080-exec-3] [jdbc.resultsettable] [36m
|----|
|pic |
|----|
|----|
[0;39m
[2024-05-22 16:17:31 [32mDEBUG[0;39m http-nio-8080-exec-3] [jdbc.sqltiming] [36m com.zaxxer.hikari.pool.ProxyPreparedStatement.execute(ProxyPreparedStatement.java:44)
2. SELECT 	A.feed_comment_id AS feedCommentId,
                A.comment,
                A.created_at AS createdAt,
                B.user_id AS writerId,
                B.nm AS writerNm,
                B.pic AS writerPic
        FROM feed_comment A
        JOIN user B
        ON  A.user_id = B.user_id
        WHERE A.feed_id = 18
        ORDER BY A.created_at DESC
        LIMIT 4
 {executed in 0 msec}[0;39m
[2024-05-22 16:17:31 [32mINFO [0;39m http-nio-8080-exec-3] [jdbc.resultsettable] [36m
|----------------|--------|-----------|--------|---|----|
|feed_comment_id |comment |created_at |user_id |nm |pic |
|----------------|--------|-----------|--------|---|----|
|----------------|--------|-----------|--------|---|----|
[0;39m
[2024-05-22 16:17:31 [32mDEBUG[0;39m http-nio-8080-exec-3] [jdbc.sqltiming] [36m com.zaxxer.hikari.pool.ProxyPreparedStatement.execute(ProxyPreparedStatement.java:44)
2. SELECT pic
        FROM feed_pics
        WHERE feed_id = 17
 {executed in 0 msec}[0;39m
[2024-05-22 16:17:31 [32mINFO [0;39m http-nio-8080-exec-3] [jdbc.resultsettable] [36m
|----|
|pic |
|----|
|----|
[0;39m
[2024-05-22 16:17:31 [32mDEBUG[0;39m http-nio-8080-exec-3] [jdbc.sqltiming] [36m com.zaxxer.hikari.pool.ProxyPreparedStatement.execute(ProxyPreparedStatement.java:44)
2. SELECT 	A.feed_comment_id AS feedCommentId,
                A.comment,
                A.created_at AS createdAt,
                B.user_id AS writerId,
                B.nm AS writerNm,
                B.pic AS writerPic
        FROM feed_comment A
        JOIN user B
        ON  A.user_id = B.user_id
        WHERE A.feed_id = 17
        ORDER BY A.created_at DESC
        LIMIT 4
 {executed in 0 msec}[0;39m
[2024-05-22 16:17:31 [32mINFO [0;39m http-nio-8080-exec-3] [jdbc.resultsettable] [36m
|----------------|--------|-----------|--------|---|----|
|feed_comment_id |comment |created_at |user_id |nm |pic |
|----------------|--------|-----------|--------|---|----|
|----------------|--------|-----------|--------|---|----|
[0;39m
[2024-05-22 16:17:31 [32mDEBUG[0;39m http-nio-8080-exec-3] [jdbc.sqltiming] [36m com.zaxxer.hikari.pool.ProxyPreparedStatement.execute(ProxyPreparedStatement.java:44)
2. SELECT pic
        FROM feed_pics
        WHERE feed_id = 16
 {executed in 0 msec}[0;39m
[2024-05-22 16:17:31 [32mINFO [0;39m http-nio-8080-exec-3] [jdbc.resultsettable] [36m
|----|
|pic |
|----|
|----|
[0;39m
[2024-05-22 16:17:31 [32mDEBUG[0;39m http-nio-8080-exec-3] [jdbc.sqltiming] [36m com.zaxxer.hikari.pool.ProxyPreparedStatement.execute(ProxyPreparedStatement.java:44)
2. SELECT 	A.feed_comment_id AS feedCommentId,
                A.comment,
                A.created_at AS createdAt,
                B.user_id AS writerId,
                B.nm AS writerNm,
                B.pic AS writerPic
        FROM feed_comment A
        JOIN user B
        ON  A.user_id = B.user_id
        WHERE A.feed_id = 16
        ORDER BY A.created_at DESC
        LIMIT 4
 {executed in 0 msec}[0;39m
[2024-05-22 16:17:31 [32mINFO [0;39m http-nio-8080-exec-3] [jdbc.resultsettable] [36m
|----------------|--------|--------------------|--------|----|----|
|feed_comment_id |comment |created_at          |user_id |nm  |pic |
|----------------|--------|--------------------|--------|----|----|
|6               |아아      |2024-05-10 11:45:28 |6       |김동현 |null|
|5               |아아      |2024-05-10 11:45:27 |6       |김동현 |null|
|4               |아아      |2024-05-10 11:45:26 |6       |김동현 |null|
|3               |아아      |2024-05-10 11:45:25 |6       |김동현 |null|
|----------------|--------|--------------------|--------|----|----|
[0;39m
[2024-05-22 16:17:31 [32mDEBUG[0;39m http-nio-8080-exec-3] [jdbc.sqltiming] [36m com.zaxxer.hikari.pool.ProxyPreparedStatement.execute(ProxyPreparedStatement.java:44)
2. SELECT pic
        FROM feed_pics
        WHERE feed_id = 15
 {executed in 0 msec}[0;39m
[2024-05-22 16:17:31 [32mINFO [0;39m http-nio-8080-exec-3] [jdbc.resultsettable] [36m
|------------------------------------------|
|pic                                       |
|------------------------------------------|
|47ad16bf-1451-457e-b4f5-b88c5c65b5cc.webp |
|------------------------------------------|
[0;39m
[2024-05-22 16:17:31 [32mDEBUG[0;39m http-nio-8080-exec-3] [jdbc.sqltiming] [36m com.zaxxer.hikari.pool.ProxyPreparedStatement.execute(ProxyPreparedStatement.java:44)
2. SELECT 	A.feed_comment_id AS feedCommentId,
                A.comment,
                A.created_at AS createdAt,
                B.user_id AS writerId,
                B.nm AS writerNm,
                B.pic AS writerPic
        FROM feed_comment A
        JOIN user B
        ON  A.user_id = B.user_id
        WHERE A.feed_id = 15
        ORDER BY A.created_at DESC
        LIMIT 4
 {executed in 0 msec}[0;39m
[2024-05-22 16:17:31 [32mINFO [0;39m http-nio-8080-exec-3] [jdbc.resultsettable] [36m
|----------------|--------|-----------|--------|---|----|
|feed_comment_id |comment |created_at |user_id |nm |pic |
|----------------|--------|-----------|--------|---|----|
|----------------|--------|-----------|--------|---|----|
[0;39m
[2024-05-22 16:17:31 [32mDEBUG[0;39m http-nio-8080-exec-3] [jdbc.sqltiming] [36m com.zaxxer.hikari.pool.ProxyPreparedStatement.execute(ProxyPreparedStatement.java:44)
2. SELECT pic
        FROM feed_pics
        WHERE feed_id = 14
 {executed in 0 msec}[0;39m
[2024-05-22 16:17:31 [32mINFO [0;39m http-nio-8080-exec-3] [jdbc.resultsettable] [36m
|------------------------------------------|
|pic                                       |
|------------------------------------------|
|bbd9007d-afd7-4af0-90e6-f21b313a988a.webp |
|------------------------------------------|
[0;39m
[2024-05-22 16:17:31 [32mDEBUG[0;39m http-nio-8080-exec-3] [jdbc.sqltiming] [36m com.zaxxer.hikari.pool.ProxyPreparedStatement.execute(ProxyPreparedStatement.java:44)
2. SELECT 	A.feed_comment_id AS feedCommentId,
                A.comment,
                A.created_at AS createdAt,
                B.user_id AS writerId,
                B.nm AS writerNm,
                B.pic AS writerPic
        FROM feed_comment A
        JOIN user B
        ON  A.user_id = B.user_id
        WHERE A.feed_id = 14
        ORDER BY A.created_at DESC
        LIMIT 4
 {executed in 0 msec}[0;39m
[2024-05-22 16:17:31 [32mINFO [0;39m http-nio-8080-exec-3] [jdbc.resultsettable] [36m
|----------------|--------|-----------|--------|---|----|
|feed_comment_id |comment |created_at |user_id |nm |pic |
|----------------|--------|-----------|--------|---|----|
|----------------|--------|-----------|--------|---|----|
[0;39m
[2024-05-22 16:17:31 [32mDEBUG[0;39m http-nio-8080-exec-3] [jdbc.sqltiming] [36m com.zaxxer.hikari.pool.ProxyPreparedStatement.execute(ProxyPreparedStatement.java:44)
2. SELECT pic
        FROM feed_pics
        WHERE feed_id = 13
 {executed in 1 msec}[0;39m
[2024-05-22 16:17:31 [32mINFO [0;39m http-nio-8080-exec-3] [jdbc.resultsettable] [36m
|------------------------------------------|
|pic                                       |
|------------------------------------------|
|4e5ac0da-c204-43d1-8f89-bab9b5a46b53.webp |
|------------------------------------------|
[0;39m
[2024-05-22 16:17:31 [32mDEBUG[0;39m http-nio-8080-exec-3] [jdbc.sqltiming] [36m com.zaxxer.hikari.pool.ProxyPreparedStatement.execute(ProxyPreparedStatement.java:44)
2. SELECT 	A.feed_comment_id AS feedCommentId,
                A.comment,
                A.created_at AS createdAt,
                B.user_id AS writerId,
                B.nm AS writerNm,
                B.pic AS writerPic
        FROM feed_comment A
        JOIN user B
        ON  A.user_id = B.user_id
        WHERE A.feed_id = 13
        ORDER BY A.created_at DESC
        LIMIT 4
 {executed in 0 msec}[0;39m
[2024-05-22 16:17:31 [32mINFO [0;39m http-nio-8080-exec-3] [jdbc.resultsettable] [36m
|----------------|--------|-----------|--------|---|----|
|feed_comment_id |comment |created_at |user_id |nm |pic |
|----------------|--------|-----------|--------|---|----|
|----------------|--------|-----------|--------|---|----|
[0;39m
[2024-05-22 16:17:31 [32mDEBUG[0;39m http-nio-8080-exec-3] [jdbc.sqltiming] [36m com.zaxxer.hikari.pool.ProxyPreparedStatement.execute(ProxyPreparedStatement.java:44)
2. SELECT pic
        FROM feed_pics
        WHERE feed_id = 12
 {executed in 0 msec}[0;39m
[2024-05-22 16:17:31 [32mINFO [0;39m http-nio-8080-exec-3] [jdbc.resultsettable] [36m
|------------------------------------------|
|pic                                       |
|------------------------------------------|
|5195fb19-d0c3-4f78-b50c-b8ea2996df8f.webp |
|------------------------------------------|
[0;39m
[2024-05-22 16:17:31 [32mDEBUG[0;39m http-nio-8080-exec-3] [jdbc.sqltiming] [36m com.zaxxer.hikari.pool.ProxyPreparedStatement.execute(ProxyPreparedStatement.java:44)
2. SELECT 	A.feed_comment_id AS feedCommentId,
                A.comment,
                A.created_at AS createdAt,
                B.user_id AS writerId,
                B.nm AS writerNm,
                B.pic AS writerPic
        FROM feed_comment A
        JOIN user B
        ON  A.user_id = B.user_id
        WHERE A.feed_id = 12
        ORDER BY A.created_at DESC
        LIMIT 4
 {executed in 0 msec}[0;39m
[2024-05-22 16:17:31 [32mINFO [0;39m http-nio-8080-exec-3] [jdbc.resultsettable] [36m
|----------------|--------|-----------|--------|---|----|
|feed_comment_id |comment |created_at |user_id |nm |pic |
|----------------|--------|-----------|--------|---|----|
|----------------|--------|-----------|--------|---|----|
[0;39m
[2024-05-22 16:17:31 [32mDEBUG[0;39m http-nio-8080-exec-3] [jdbc.sqltiming] [36m com.zaxxer.hikari.pool.ProxyPreparedStatement.execute(ProxyPreparedStatement.java:44)
2. SELECT pic
        FROM feed_pics
        WHERE feed_id = 11
 {executed in 0 msec}[0;39m
[2024-05-22 16:17:31 [32mINFO [0;39m http-nio-8080-exec-3] [jdbc.resultsettable] [36m
|----|
|pic |
|----|
|----|
[0;39m
[2024-05-22 16:17:31 [32mDEBUG[0;39m http-nio-8080-exec-3] [jdbc.sqltiming] [36m com.zaxxer.hikari.pool.ProxyPreparedStatement.execute(ProxyPreparedStatement.java:44)
2. SELECT 	A.feed_comment_id AS feedCommentId,
                A.comment,
                A.created_at AS createdAt,
                B.user_id AS writerId,
                B.nm AS writerNm,
                B.pic AS writerPic
        FROM feed_comment A
        JOIN user B
        ON  A.user_id = B.user_id
        WHERE A.feed_id = 11
        ORDER BY A.created_at DESC
        LIMIT 4
 {executed in 0 msec}[0;39m
[2024-05-22 16:17:31 [32mINFO [0;39m http-nio-8080-exec-3] [jdbc.resultsettable] [36m
|----------------|--------|-----------|--------|---|----|
|feed_comment_id |comment |created_at |user_id |nm |pic |
|----------------|--------|-----------|--------|---|----|
|----------------|--------|-----------|--------|---|----|
[0;39m
[2024-05-22 16:17:33 [32mDEBUG[0;39m http-nio-8080-exec-8] [jdbc.sqltiming] [36m com.zaxxer.hikari.pool.ProxyPreparedStatement.execute(ProxyPreparedStatement.java:44)
1. SELECT  A.feed_id AS feedId,
                B.user_id AS writerId,
                B.nm AS writerNm,
                B.pic AS writerPic,
                A.contents,
                A.location,
                A.created_at AS createdAt,
                IF (C.feed_id IS NULL, 0, 1) AS isFav
        FROM feed A
        JOIN user B
        ON A.writer_id = B.user_id
        LEFT JOIN feed_favorite C
        ON A.feed_id = C.feed_id
        AND C.user_id = 23

            WHERE A.writer_id = 23

        ORDER BY A.feed_id DESC
        LIMIT 0, 20
 {executed in 1 msec}[0;39m
[2024-05-22 16:17:33 [32mINFO [0;39m http-nio-8080-exec-8] [jdbc.resultsettable] [36m
|--------|--------|---|-----------------------------------------|---------|---------|--------------------|------|
|feed_id |user_id |nm |pic                                      |contents |location |created_at          |isfav |
|--------|--------|---|-----------------------------------------|---------|---------|--------------------|------|
|32      |23      |꾸  |452beff4-c7e8-43cc-a3b3-fca019ccfdb7.png |ㄹㄹ       |ㄹㄹ       |2024-05-13 12:05:30 |0     |
|--------|--------|---|-----------------------------------------|---------|---------|--------------------|------|
[0;39m
[2024-05-22 16:17:33 [32mDEBUG[0;39m http-nio-8080-exec-8] [jdbc.sqltiming] [36m com.zaxxer.hikari.pool.ProxyPreparedStatement.execute(ProxyPreparedStatement.java:44)
1. SELECT pic
        FROM feed_pics
        WHERE feed_id = 32
 {executed in 0 msec}[0;39m
[2024-05-22 16:17:33 [32mINFO [0;39m http-nio-8080-exec-8] [jdbc.resultsettable] [36m
|-----------------------------------------|
|pic                                      |
|-----------------------------------------|
|b1ac288f-6c38-4c97-a661-48d45ff9fd0a.png |
|59b63d79-91c6-4792-b322-9dbdffb302a7.png |
|4ef491b9-41fc-4c60-bc53-541edeec8395.jpg |
|-----------------------------------------|
[0;39m
[2024-05-22 16:17:33 [32mDEBUG[0;39m http-nio-8080-exec-8] [jdbc.sqltiming] [36m com.zaxxer.hikari.pool.ProxyPreparedStatement.execute(ProxyPreparedStatement.java:44)
1. SELECT 	A.feed_comment_id AS feedCommentId,
                A.comment,
                A.created_at AS createdAt,
                B.user_id AS writerId,
                B.nm AS writerNm,
                B.pic AS writerPic
        FROM feed_comment A
        JOIN user B
        ON  A.user_id = B.user_id
        WHERE A.feed_id = 32
        ORDER BY A.created_at DESC
        LIMIT 4
 {executed in 1 msec}[0;39m
[2024-05-22 16:17:33 [32mDEBUG[0;39m http-nio-8080-exec-6] [jdbc.sqltiming] [36m com.zaxxer.hikari.pool.ProxyPreparedStatement.execute(ProxyPreparedStatement.java:44)
2. SELECT    A.nm, A.pic, A.created_at AS createdAt
                , B.feedCnt, B.favCnt
                , C.following, C.follower, C.followState
        FROM user A
        INNER JOIN (
                SELECT A.writer_id
                , COUNT(distinct A.feed_id) AS feedCnt
                , COUNT(B.user_id) AS favCnt
                FROM feed A
                LEFT JOIN feed_favorite B
                ON A.feed_id = B.feed_id
                WHERE A.writer_id = 23
        ) B
        INNER JOIN (
                    SELECT SUM(IF(from_user_id = 23, 1, 0)) AS following
                    , SUM(IF(to_user_id = 23, 1, 0)) AS follower
                    , IFNULL(
                    SUM(
                    IF(from_user_id = 23 AND to_user_id = 23, 1, 0)
                    +
                    IF(from_user_id = 23 AND to_user_id = 23, 2, 0)
                    )
                    , 0) AS followState
        FROM user_follow
        ) C
        WHERE A.user_id = 23
 {executed in 3 msec}[0;39m
[2024-05-22 16:17:33 [32mINFO [0;39m http-nio-8080-exec-8] [jdbc.resultsettable] [36m
|----------------|--------|--------------------|--------|---|-----------------------------------------|
|feed_comment_id |comment |created_at          |user_id |nm |pic                                      |
|----------------|--------|--------------------|--------|---|-----------------------------------------|
|17              |ㅁㄴㅇㅁㄴㅇ  |2024-05-13 16:03:31 |23      |꾸  |452beff4-c7e8-43cc-a3b3-fca019ccfdb7.png |
|16              |ㅁㄴㅇㅁㄴㅇ  |2024-05-13 16:03:30 |23      |꾸  |452beff4-c7e8-43cc-a3b3-fca019ccfdb7.png |
|15              |ㅁㄴㅇ     |2024-05-13 16:03:29 |23      |꾸  |452beff4-c7e8-43cc-a3b3-fca019ccfdb7.png |
|14              |ㅁㄴㅇ     |2024-05-13 16:03:28 |23      |꾸  |452beff4-c7e8-43cc-a3b3-fca019ccfdb7.png |
|----------------|--------|--------------------|--------|---|-----------------------------------------|
[0;39m
[2024-05-22 16:17:33 [32mINFO [0;39m http-nio-8080-exec-6] [jdbc.resultsettable] [36m
|---|-----------------------------------------|--------------------|--------|-------|----------|---------|------------|
|nm |pic                                      |created_at          |feedcnt |favcnt |following |follower |followstate |
|---|-----------------------------------------|--------------------|--------|-------|----------|---------|------------|
|꾸  |452beff4-c7e8-43cc-a3b3-fca019ccfdb7.png |2024-05-13 11:09:31 |1       |0      |0         |0        |0           |
|---|-----------------------------------------|--------------------|--------|-------|----------|---------|------------|
[0;39m
[2024-05-22 16:17:40 [32mDEBUG[0;39m http-nio-8080-exec-7] [jdbc.sqltiming] [36m com.zaxxer.hikari.pool.ProxyPreparedStatement.execute(ProxyPreparedStatement.java:44)
1. UPDATE user
        SET pic = '22498e08-b0e3-4495-a9af-bcb97ab2679b.png'
        WHERE user_id = 23
 {executed in 0 msec}[0;39m
[2024-05-22 16:17:44 [32mDEBUG[0;39m http-nio-8080-exec-5] [jdbc.sqltiming] [36m com.zaxxer.hikari.pool.ProxyPreparedStatement.execute(ProxyPreparedStatement.java:44)
1. SELECT  A.feed_id AS feedId,
                B.user_id AS writerId,
                B.nm AS writerNm,
                B.pic AS writerPic,
                A.contents,
                A.location,
                A.created_at AS createdAt,
                IF (C.feed_id IS NULL, 0, 1) AS isFav
        FROM feed A
        JOIN user B
        ON A.writer_id = B.user_id
        LEFT JOIN feed_favorite C
        ON A.feed_id = C.feed_id
        AND C.user_id = 23

            WHERE A.writer_id = 23

        ORDER BY A.feed_id DESC
        LIMIT 0, 20
 {executed in 0 msec}[0;39m
[2024-05-22 16:17:44 [32mDEBUG[0;39m http-nio-8080-exec-6] [jdbc.sqltiming] [36m com.zaxxer.hikari.pool.ProxyPreparedStatement.execute(ProxyPreparedStatement.java:44)
2. SELECT    A.nm, A.pic, A.created_at AS createdAt
                , B.feedCnt, B.favCnt
                , C.following, C.follower, C.followState
        FROM user A
        INNER JOIN (
                SELECT A.writer_id
                , COUNT(distinct A.feed_id) AS feedCnt
                , COUNT(B.user_id) AS favCnt
                FROM feed A
                LEFT JOIN feed_favorite B
                ON A.feed_id = B.feed_id
                WHERE A.writer_id = 23
        ) B
        INNER JOIN (
                    SELECT SUM(IF(from_user_id = 23, 1, 0)) AS following
                    , SUM(IF(to_user_id = 23, 1, 0)) AS follower
                    , IFNULL(
                    SUM(
                    IF(from_user_id = 23 AND to_user_id = 23, 1, 0)
                    +
                    IF(from_user_id = 23 AND to_user_id = 23, 2, 0)
                    )
                    , 0) AS followState
        FROM user_follow
        ) C
        WHERE A.user_id = 23
 {executed in 0 msec}[0;39m
[2024-05-22 16:17:44 [32mINFO [0;39m http-nio-8080-exec-5] [jdbc.resultsettable] [36m
|--------|--------|---|-----------------------------------------|---------|---------|--------------------|------|
|feed_id |user_id |nm |pic                                      |contents |location |created_at          |isfav |
|--------|--------|---|-----------------------------------------|---------|---------|--------------------|------|
|32      |23      |꾸  |22498e08-b0e3-4495-a9af-bcb97ab2679b.png |ㄹㄹ       |ㄹㄹ       |2024-05-13 12:05:30 |0     |
|--------|--------|---|-----------------------------------------|---------|---------|--------------------|------|
[0;39m
[2024-05-22 16:17:44 [32mINFO [0;39m http-nio-8080-exec-6] [jdbc.resultsettable] [36m
|---|-----------------------------------------|--------------------|--------|-------|----------|---------|------------|
|nm |pic                                      |created_at          |feedcnt |favcnt |following |follower |followstate |
|---|-----------------------------------------|--------------------|--------|-------|----------|---------|------------|
|꾸  |22498e08-b0e3-4495-a9af-bcb97ab2679b.png |2024-05-13 11:09:31 |1       |0      |0         |0        |0           |
|---|-----------------------------------------|--------------------|--------|-------|----------|---------|------------|
[0;39m
[2024-05-22 16:17:44 [32mDEBUG[0;39m http-nio-8080-exec-5] [jdbc.sqltiming] [36m com.zaxxer.hikari.pool.ProxyPreparedStatement.execute(ProxyPreparedStatement.java:44)
1. SELECT pic
        FROM feed_pics
        WHERE feed_id = 32
 {executed in 0 msec}[0;39m
[2024-05-22 16:17:44 [32mINFO [0;39m http-nio-8080-exec-5] [jdbc.resultsettable] [36m
|-----------------------------------------|
|pic                                      |
|-----------------------------------------|
|b1ac288f-6c38-4c97-a661-48d45ff9fd0a.png |
|59b63d79-91c6-4792-b322-9dbdffb302a7.png |
|4ef491b9-41fc-4c60-bc53-541edeec8395.jpg |
|-----------------------------------------|
[0;39m
[2024-05-22 16:17:44 [32mDEBUG[0;39m http-nio-8080-exec-5] [jdbc.sqltiming] [36m com.zaxxer.hikari.pool.ProxyPreparedStatement.execute(ProxyPreparedStatement.java:44)
1. SELECT 	A.feed_comment_id AS feedCommentId,
                A.comment,
                A.created_at AS createdAt,
                B.user_id AS writerId,
                B.nm AS writerNm,
                B.pic AS writerPic
        FROM feed_comment A
        JOIN user B
        ON  A.user_id = B.user_id
        WHERE A.feed_id = 32
        ORDER BY A.created_at DESC
        LIMIT 4
 {executed in 0 msec}[0;39m
[2024-05-22 16:17:44 [32mINFO [0;39m http-nio-8080-exec-5] [jdbc.resultsettable] [36m
|----------------|--------|--------------------|--------|---|-----------------------------------------|
|feed_comment_id |comment |created_at          |user_id |nm |pic                                      |
|----------------|--------|--------------------|--------|---|-----------------------------------------|
|17              |ㅁㄴㅇㅁㄴㅇ  |2024-05-13 16:03:31 |23      |꾸  |22498e08-b0e3-4495-a9af-bcb97ab2679b.png |
|16              |ㅁㄴㅇㅁㄴㅇ  |2024-05-13 16:03:30 |23      |꾸  |22498e08-b0e3-4495-a9af-bcb97ab2679b.png |
|15              |ㅁㄴㅇ     |2024-05-13 16:03:29 |23      |꾸  |22498e08-b0e3-4495-a9af-bcb97ab2679b.png |
|14              |ㅁㄴㅇ     |2024-05-13 16:03:28 |23      |꾸  |22498e08-b0e3-4495-a9af-bcb97ab2679b.png |
|----------------|--------|--------------------|--------|---|-----------------------------------------|
[0;39m
[2024-05-22 16:17:45 [32mDEBUG[0;39m http-nio-8080-exec-1] [jdbc.sqltiming] [36m com.zaxxer.hikari.pool.ProxyPreparedStatement.execute(ProxyPreparedStatement.java:44)
1. SELECT    A.nm, A.pic, A.created_at AS createdAt
                , B.feedCnt, B.favCnt
                , C.following, C.follower, C.followState
        FROM user A
        INNER JOIN (
                SELECT A.writer_id
                , COUNT(distinct A.feed_id) AS feedCnt
                , COUNT(B.user_id) AS favCnt
                FROM feed A
                LEFT JOIN feed_favorite B
                ON A.feed_id = B.feed_id
                WHERE A.writer_id = 23
        ) B
        INNER JOIN (
                    SELECT SUM(IF(from_user_id = 23, 1, 0)) AS following
                    , SUM(IF(to_user_id = 23, 1, 0)) AS follower
                    , IFNULL(
                    SUM(
                    IF(from_user_id = 23 AND to_user_id = 23, 1, 0)
                    +
                    IF(from_user_id = 23 AND to_user_id = 23, 2, 0)
                    )
                    , 0) AS followState
        FROM user_follow
        ) C
        WHERE A.user_id = 23
 {executed in 0 msec}[0;39m
[2024-05-22 16:17:45 [32mINFO [0;39m http-nio-8080-exec-1] [jdbc.resultsettable] [36m
|---|-----------------------------------------|--------------------|--------|-------|----------|---------|------------|
|nm |pic                                      |created_at          |feedcnt |favcnt |following |follower |followstate |
|---|-----------------------------------------|--------------------|--------|-------|----------|---------|------------|
|꾸  |22498e08-b0e3-4495-a9af-bcb97ab2679b.png |2024-05-13 11:09:31 |1       |0      |0         |0        |0           |
|---|-----------------------------------------|--------------------|--------|-------|----------|---------|------------|
[0;39m
[2024-05-22 16:17:45 [32mDEBUG[0;39m http-nio-8080-exec-8] [jdbc.sqltiming] [36m com.zaxxer.hikari.pool.ProxyPreparedStatement.execute(ProxyPreparedStatement.java:44)
1. SELECT  A.feed_id AS feedId,
                B.user_id AS writerId,
                B.nm AS writerNm,
                B.pic AS writerPic,
                A.contents,
                A.location,
                A.created_at AS createdAt,
                IF (C.feed_id IS NULL, 0, 1) AS isFav
        FROM feed A
        JOIN user B
        ON A.writer_id = B.user_id
        LEFT JOIN feed_favorite C
        ON A.feed_id = C.feed_id
        AND C.user_id = 23

            WHERE A.writer_id = 23

        ORDER BY A.feed_id DESC
        LIMIT 0, 20
 {executed in 0 msec}[0;39m
[2024-05-22 16:17:45 [32mINFO [0;39m http-nio-8080-exec-8] [jdbc.resultsettable] [36m
|--------|--------|---|-----------------------------------------|---------|---------|--------------------|------|
|feed_id |user_id |nm |pic                                      |contents |location |created_at          |isfav |
|--------|--------|---|-----------------------------------------|---------|---------|--------------------|------|
|32      |23      |꾸  |22498e08-b0e3-4495-a9af-bcb97ab2679b.png |ㄹㄹ       |ㄹㄹ       |2024-05-13 12:05:30 |0     |
|--------|--------|---|-----------------------------------------|---------|---------|--------------------|------|
[0;39m
[2024-05-22 16:17:45 [32mDEBUG[0;39m http-nio-8080-exec-8] [jdbc.sqltiming] [36m com.zaxxer.hikari.pool.ProxyPreparedStatement.execute(ProxyPreparedStatement.java:44)
1. SELECT pic
        FROM feed_pics
        WHERE feed_id = 32
 {executed in 0 msec}[0;39m
[2024-05-22 16:17:45 [32mINFO [0;39m http-nio-8080-exec-8] [jdbc.resultsettable] [36m
|-----------------------------------------|
|pic                                      |
|-----------------------------------------|
|b1ac288f-6c38-4c97-a661-48d45ff9fd0a.png |
|59b63d79-91c6-4792-b322-9dbdffb302a7.png |
|4ef491b9-41fc-4c60-bc53-541edeec8395.jpg |
|-----------------------------------------|
[0;39m
[2024-05-22 16:17:45 [32mDEBUG[0;39m http-nio-8080-exec-8] [jdbc.sqltiming] [36m com.zaxxer.hikari.pool.ProxyPreparedStatement.execute(ProxyPreparedStatement.java:44)
1. SELECT 	A.feed_comment_id AS feedCommentId,
                A.comment,
                A.created_at AS createdAt,
                B.user_id AS writerId,
                B.nm AS writerNm,
                B.pic AS writerPic
        FROM feed_comment A
        JOIN user B
        ON  A.user_id = B.user_id
        WHERE A.feed_id = 32
        ORDER BY A.created_at DESC
        LIMIT 4
 {executed in 0 msec}[0;39m
[2024-05-22 16:17:45 [32mINFO [0;39m http-nio-8080-exec-8] [jdbc.resultsettable] [36m
|----------------|--------|--------------------|--------|---|-----------------------------------------|
|feed_comment_id |comment |created_at          |user_id |nm |pic                                      |
|----------------|--------|--------------------|--------|---|-----------------------------------------|
|17              |ㅁㄴㅇㅁㄴㅇ  |2024-05-13 16:03:31 |23      |꾸  |22498e08-b0e3-4495-a9af-bcb97ab2679b.png |
|16              |ㅁㄴㅇㅁㄴㅇ  |2024-05-13 16:03:30 |23      |꾸  |22498e08-b0e3-4495-a9af-bcb97ab2679b.png |
|15              |ㅁㄴㅇ     |2024-05-13 16:03:29 |23      |꾸  |22498e08-b0e3-4495-a9af-bcb97ab2679b.png |
|14              |ㅁㄴㅇ     |2024-05-13 16:03:28 |23      |꾸  |22498e08-b0e3-4495-a9af-bcb97ab2679b.png |
|----------------|--------|--------------------|--------|---|-----------------------------------------|
[0;39m
[2024-05-22 16:22:03 [32mINFO [0;39m SpringApplicationShutdownHook] [com.zaxxer.hikari.HikariDataSource] [36mHikariPool-1 - Shutdown initiated...[0;39m
[2024-05-22 16:22:03 [32mINFO [0;39m SpringApplicationShutdownHook] [com.zaxxer.hikari.HikariDataSource] [36mHikariPool-1 - Shutdown completed.[0;39m
