[2024-05-09 11:19:53 [32mINFO [0;39m restartedMain] [com.green.greengram.GreenGramVer2Application] [36mStarting GreenGramVer2Application using Java 17.0.10 with PID 2456 (D:\Students\DongHyeon\2024-01\backEnd\GreenGramVer2\build\classes\java\main started by Administrator in D:\Students\DongHyeon\2024-01\backEnd\GreenGramVer2)[0;39m
[2024-05-09 11:19:53 [32mINFO [0;39m restartedMain] [com.green.greengram.GreenGramVer2Application] [36mNo active profile set, falling back to 1 default profile: "default"[0;39m
[2024-05-09 11:19:53 [32mINFO [0;39m restartedMain] [org.springframework.boot.devtools.env.DevToolsPropertyDefaultsPostProcessor] [36mDevtools property defaults active! Set 'spring.devtools.add-properties' to 'false' to disable[0;39m
[2024-05-09 11:19:53 [32mINFO [0;39m restartedMain] [org.springframework.boot.devtools.env.DevToolsPropertyDefaultsPostProcessor] [36mFor additional web related logging consider setting the 'logging.level.web' property to 'DEBUG'[0;39m
[2024-05-09 11:19:54 [32mINFO [0;39m restartedMain] [org.springframework.boot.web.embedded.tomcat.TomcatWebServer] [36mTomcat initialized with port 8080 (http)[0;39m
[2024-05-09 11:19:54 [32mINFO [0;39m restartedMain] [org.apache.coyote.http11.Http11NioProtocol] [36mInitializing ProtocolHandler ["http-nio-8080"][0;39m
[2024-05-09 11:19:54 [32mINFO [0;39m restartedMain] [org.apache.catalina.core.StandardService] [36mStarting service [Tomcat][0;39m
[2024-05-09 11:19:54 [32mINFO [0;39m restartedMain] [org.apache.catalina.core.StandardEngine] [36mStarting Servlet engine: [Apache Tomcat/10.1.20][0;39m
[2024-05-09 11:19:54 [32mINFO [0;39m restartedMain] [org.apache.catalina.core.ContainerBase.[Tomcat].[localhost].[/]] [36mInitializing Spring embedded WebApplicationContext[0;39m
[2024-05-09 11:19:54 [32mINFO [0;39m restartedMain] [org.springframework.boot.web.servlet.context.ServletWebServerApplicationContext] [36mRoot WebApplicationContext: initialization completed in 1369 ms[0;39m
[2024-05-09 11:19:55 [32mINFO [0;39m restartedMain] [org.springframework.boot.devtools.autoconfigure.OptionalLiveReloadServer] [36mLiveReload server is running on port 35729[0;39m
[2024-05-09 11:19:55 [32mINFO [0;39m restartedMain] [org.springframework.boot.actuate.endpoint.web.EndpointLinksResolver] [36mExposing 1 endpoint(s) beneath base path '/actuator'[0;39m
[2024-05-09 11:19:55 [32mINFO [0;39m restartedMain] [org.apache.coyote.http11.Http11NioProtocol] [36mStarting ProtocolHandler ["http-nio-8080"][0;39m
[2024-05-09 11:19:55 [32mINFO [0;39m restartedMain] [org.springframework.boot.web.embedded.tomcat.TomcatWebServer] [36mTomcat started on port 8080 (http) with context path ''[0;39m
[2024-05-09 11:19:55 [32mINFO [0;39m restartedMain] [com.green.greengram.GreenGramVer2Application] [36mStarted GreenGramVer2Application in 2.606 seconds (process running for 3.05)[0;39m
[2024-05-09 11:19:56 [32mINFO [0;39m RMI TCP Connection(2)-192.168.0.193] [org.apache.catalina.core.ContainerBase.[Tomcat].[localhost].[/]] [36mInitializing Spring DispatcherServlet 'dispatcherServlet'[0;39m
[2024-05-09 11:19:56 [32mINFO [0;39m RMI TCP Connection(2)-192.168.0.193] [org.springframework.web.servlet.DispatcherServlet] [36mInitializing Servlet 'dispatcherServlet'[0;39m
[2024-05-09 11:19:56 [32mINFO [0;39m RMI TCP Connection(3)-192.168.0.193] [com.zaxxer.hikari.HikariDataSource] [36mHikariPool-1 - Starting...[0;39m
[2024-05-09 11:19:56 [32mINFO [0;39m RMI TCP Connection(2)-192.168.0.193] [org.springframework.web.servlet.DispatcherServlet] [36mCompleted initialization in 2 ms[0;39m
[2024-05-09 11:19:56 [32mINFO [0;39m RMI TCP Connection(3)-192.168.0.193] [com.zaxxer.hikari.pool.HikariPool] [36mHikariPool-1 - Added connection net.sf.log4jdbc.sql.jdbcapi.ConnectionSpy@608bee5d[0;39m
[2024-05-09 11:19:56 [32mINFO [0;39m RMI TCP Connection(3)-192.168.0.193] [com.zaxxer.hikari.HikariDataSource] [36mHikariPool-1 - Start completed.[0;39m
[2024-05-09 11:20:46 [32mINFO [0;39m http-nio-8080-exec-6] [org.springdoc.api.AbstractOpenApiResource] [36mInit duration for springdoc-openapi is: 196 ms[0;39m
[2024-05-09 11:21:53 [32mINFO [0;39m File Watcher] [org.springframework.boot.devtools.autoconfigure.LocalDevToolsAutoConfiguration$RestartingClassPathChangeChangedEventListener] [36mRestarting due to 25 class path changes (19 additions, 0 deletions, 6 modifications)[0;39m
[2024-05-09 11:21:53 [32mINFO [0;39m Thread-5] [org.apache.coyote.http11.Http11NioProtocol] [36mStopping ProtocolHandler ["http-nio-8080"][0;39m
[2024-05-09 11:21:53 [32mINFO [0;39m Thread-5] [com.zaxxer.hikari.HikariDataSource] [36mHikariPool-1 - Shutdown initiated...[0;39m
[2024-05-09 11:21:53 [32mINFO [0;39m Thread-5] [com.zaxxer.hikari.HikariDataSource] [36mHikariPool-1 - Shutdown completed.[0;39m
[2024-05-09 11:21:53 [32mINFO [0;39m restartedMain] [com.green.greengram.GreenGramVer2Application] [36mStarting GreenGramVer2Application using Java 17.0.10 with PID 2456 (D:\Students\DongHyeon\2024-01\backEnd\GreenGramVer2\build\classes\java\main started by Administrator in D:\Students\DongHyeon\2024-01\backEnd\GreenGramVer2)[0;39m
[2024-05-09 11:21:53 [32mINFO [0;39m restartedMain] [com.green.greengram.GreenGramVer2Application] [36mNo active profile set, falling back to 1 default profile: "default"[0;39m
[2024-05-09 11:21:53 [32mINFO [0;39m restartedMain] [org.springframework.boot.web.embedded.tomcat.TomcatWebServer] [36mTomcat initialized with port 8080 (http)[0;39m
[2024-05-09 11:21:53 [32mINFO [0;39m restartedMain] [org.apache.coyote.http11.Http11NioProtocol] [36mInitializing ProtocolHandler ["http-nio-8080"][0;39m
[2024-05-09 11:21:53 [32mINFO [0;39m restartedMain] [org.apache.catalina.core.StandardService] [36mStarting service [Tomcat][0;39m
[2024-05-09 11:21:53 [32mINFO [0;39m restartedMain] [org.apache.catalina.core.StandardEngine] [36mStarting Servlet engine: [Apache Tomcat/10.1.20][0;39m
[2024-05-09 11:21:53 [32mINFO [0;39m restartedMain] [org.apache.catalina.core.ContainerBase.[Tomcat].[localhost].[/]] [36mInitializing Spring embedded WebApplicationContext[0;39m
[2024-05-09 11:21:53 [32mINFO [0;39m restartedMain] [org.springframework.boot.web.servlet.context.ServletWebServerApplicationContext] [36mRoot WebApplicationContext: initialization completed in 303 ms[0;39m
[2024-05-09 11:21:53 [32mINFO [0;39m restartedMain] [org.springframework.boot.autoconfigure.web.servlet.WelcomePageHandlerMapping] [36mAdding welcome page: class path resource [static/index.html][0;39m
[2024-05-09 11:21:54 [32mINFO [0;39m restartedMain] [org.springframework.boot.devtools.autoconfigure.OptionalLiveReloadServer] [36mLiveReload server is running on port 35729[0;39m
[2024-05-09 11:21:54 [32mINFO [0;39m restartedMain] [org.springframework.boot.actuate.endpoint.web.EndpointLinksResolver] [36mExposing 1 endpoint(s) beneath base path '/actuator'[0;39m
[2024-05-09 11:21:54 [32mINFO [0;39m restartedMain] [org.apache.coyote.http11.Http11NioProtocol] [36mStarting ProtocolHandler ["http-nio-8080"][0;39m
[2024-05-09 11:21:54 [32mINFO [0;39m restartedMain] [org.springframework.boot.web.embedded.tomcat.TomcatWebServer] [36mTomcat started on port 8080 (http) with context path ''[0;39m
[2024-05-09 11:21:54 [32mINFO [0;39m http-nio-8080-exec-1] [org.apache.catalina.core.ContainerBase.[Tomcat].[localhost].[/]] [36mInitializing Spring DispatcherServlet 'dispatcherServlet'[0;39m
[2024-05-09 11:21:54 [32mINFO [0;39m http-nio-8080-exec-1] [org.springframework.web.servlet.DispatcherServlet] [36mInitializing Servlet 'dispatcherServlet'[0;39m
[2024-05-09 11:21:54 [32mINFO [0;39m http-nio-8080-exec-1] [org.springframework.web.servlet.DispatcherServlet] [36mCompleted initialization in 1 ms[0;39m
[2024-05-09 11:21:54 [32mINFO [0;39m restartedMain] [com.green.greengram.GreenGramVer2Application] [36mStarted GreenGramVer2Application in 0.56 seconds (process running for 121.333)[0;39m
[2024-05-09 11:21:54 [32mINFO [0;39m restartedMain] [org.springframework.boot.devtools.autoconfigure.ConditionEvaluationDeltaLoggingListener] [36mCondition evaluation unchanged[0;39m
[2024-05-09 11:21:54 [32mINFO [0;39m http-nio-8080-exec-5] [com.zaxxer.hikari.HikariDataSource] [36mHikariPool-2 - Starting...[0;39m
[2024-05-09 11:21:54 [32mINFO [0;39m http-nio-8080-exec-5] [com.zaxxer.hikari.pool.HikariPool] [36mHikariPool-2 - Added connection net.sf.log4jdbc.sql.jdbcapi.ConnectionSpy@253e9553[0;39m
[2024-05-09 11:21:54 [32mINFO [0;39m http-nio-8080-exec-5] [com.zaxxer.hikari.HikariDataSource] [36mHikariPool-2 - Start completed.[0;39m
[2024-05-09 11:21:54 [32mDEBUG[0;39m http-nio-8080-exec-5] [jdbc.sqltiming] [36m com.zaxxer.hikari.pool.ProxyPreparedStatement.execute(ProxyPreparedStatement.java:44)
11. SELECT A.feed_id AS feedId, A.writer_id AS writerId, B.nm AS writerNm, B.pic AS writerPic,
        A.contents, A.location, A.created_at AS createdAt
        FROM feed A
        JOIN user B
        ON A.writer_id = B.user_id
        ORDER BY A.feed_id DESC
        LIMIT 0, 20
 {executed in 1 msec}[0;39m
[2024-05-09 11:21:54 [32mINFO [0;39m http-nio-8080-exec-5] [jdbc.resultsettable] [36m
|--------|----------|----|------------------------------------------|---------|---------|--------------------|
|feed_id |writer_id |nm  |pic                                       |contents |location |created_at          |
|--------|----------|----|------------------------------------------|---------|---------|--------------------|
|16      |6         |김동현 |null                                      |123      |ㅇㅇ       |2024-05-07 17:03:12 |
|15      |4         |홍길동 |null                                      |으으       |대        |2024-05-07 12:57:39 |
|14      |3         |홍길동 |ec520517-0f85-44f0-ab44-b3da3b822c23.webp |으으       |대        |2024-05-07 12:57:35 |
|13      |2         |홍길동 |42031e6b-e2ff-4955-ab14-77fb0b50916f.webp |으으       |대        |2024-05-07 12:57:29 |
|12      |1         |홍길동 |null                                      |으으       |대        |2024-05-07 11:10:08 |
|11      |1         |홍길동 |null                                      |으으       |대        |2024-05-07 11:09:50 |
|10      |1         |홍길동 |null                                      |으으       |대        |2024-05-07 11:08:15 |
|9       |1         |홍길동 |null                                      |으으       |대        |2024-05-07 11:04:42 |
|8       |1         |홍길동 |null                                      |으으       |대        |2024-05-07 11:03:41 |
|7       |1         |홍길동 |null                                      |으으       |대        |2024-05-07 11:02:08 |
|6       |1         |홍길동 |null                                      |으으       |대        |2024-05-07 10:58:38 |
|5       |1         |홍길동 |null                                      |으으       |대        |2024-05-07 10:58:06 |
|4       |1         |홍길동 |null                                      |으으       |대        |2024-05-07 10:56:26 |
|3       |1         |홍길동 |null                                      |1212     |대구       |2024-05-07 10:55:34 |
|2       |1         |홍길동 |null                                      |1212     |대구       |2024-05-07 10:54:24 |
|1       |1         |홍길동 |null                                      |1212     |대구       |2024-05-07 10:53:01 |
|--------|----------|----|------------------------------------------|---------|---------|--------------------|
[0;39m
[2024-05-09 11:21:54 [32mDEBUG[0;39m http-nio-8080-exec-5] [jdbc.sqltiming] [36m com.zaxxer.hikari.pool.ProxyPreparedStatement.execute(ProxyPreparedStatement.java:44)
11. SELECT pic
        FROM feed_pics
        WHERE feed_id = 16
 {executed in 0 msec}[0;39m
[2024-05-09 11:21:54 [32mINFO [0;39m http-nio-8080-exec-5] [jdbc.resultsettable] [36m
|----|
|pic |
|----|
|----|
[0;39m
[2024-05-09 11:21:54 [32mDEBUG[0;39m http-nio-8080-exec-5] [jdbc.sqltiming] [36m com.zaxxer.hikari.pool.ProxyPreparedStatement.execute(ProxyPreparedStatement.java:44)
11. SELECT pic
        FROM feed_pics
        WHERE feed_id = 15
 {executed in 0 msec}[0;39m
[2024-05-09 11:21:54 [32mINFO [0;39m http-nio-8080-exec-5] [jdbc.resultsettable] [36m
|------------------------------------------|
|pic                                       |
|------------------------------------------|
|47ad16bf-1451-457e-b4f5-b88c5c65b5cc.webp |
|------------------------------------------|
[0;39m
[2024-05-09 11:21:54 [32mDEBUG[0;39m http-nio-8080-exec-5] [jdbc.sqltiming] [36m com.zaxxer.hikari.pool.ProxyPreparedStatement.execute(ProxyPreparedStatement.java:44)
11. SELECT pic
        FROM feed_pics
        WHERE feed_id = 14
 {executed in 0 msec}[0;39m
[2024-05-09 11:21:54 [32mINFO [0;39m http-nio-8080-exec-5] [jdbc.resultsettable] [36m
|------------------------------------------|
|pic                                       |
|------------------------------------------|
|bbd9007d-afd7-4af0-90e6-f21b313a988a.webp |
|------------------------------------------|
[0;39m
[2024-05-09 11:21:54 [32mDEBUG[0;39m http-nio-8080-exec-5] [jdbc.sqltiming] [36m com.zaxxer.hikari.pool.ProxyPreparedStatement.execute(ProxyPreparedStatement.java:44)
11. SELECT pic
        FROM feed_pics
        WHERE feed_id = 13
 {executed in 0 msec}[0;39m
[2024-05-09 11:21:54 [32mINFO [0;39m http-nio-8080-exec-5] [jdbc.resultsettable] [36m
|------------------------------------------|
|pic                                       |
|------------------------------------------|
|4e5ac0da-c204-43d1-8f89-bab9b5a46b53.webp |
|------------------------------------------|
[0;39m
[2024-05-09 11:21:54 [32mDEBUG[0;39m http-nio-8080-exec-5] [jdbc.sqltiming] [36m com.zaxxer.hikari.pool.ProxyPreparedStatement.execute(ProxyPreparedStatement.java:44)
11. SELECT pic
        FROM feed_pics
        WHERE feed_id = 12
 {executed in 0 msec}[0;39m
[2024-05-09 11:21:54 [32mINFO [0;39m http-nio-8080-exec-5] [jdbc.resultsettable] [36m
|------------------------------------------|
|pic                                       |
|------------------------------------------|
|5195fb19-d0c3-4f78-b50c-b8ea2996df8f.webp |
|------------------------------------------|
[0;39m
[2024-05-09 11:21:54 [32mDEBUG[0;39m http-nio-8080-exec-5] [jdbc.sqltiming] [36m com.zaxxer.hikari.pool.ProxyPreparedStatement.execute(ProxyPreparedStatement.java:44)
11. SELECT pic
        FROM feed_pics
        WHERE feed_id = 11
 {executed in 0 msec}[0;39m
[2024-05-09 11:21:54 [32mINFO [0;39m http-nio-8080-exec-5] [jdbc.resultsettable] [36m
|----|
|pic |
|----|
|----|
[0;39m
[2024-05-09 11:21:54 [32mDEBUG[0;39m http-nio-8080-exec-5] [jdbc.sqltiming] [36m com.zaxxer.hikari.pool.ProxyPreparedStatement.execute(ProxyPreparedStatement.java:44)
11. SELECT pic
        FROM feed_pics
        WHERE feed_id = 10
 {executed in 0 msec}[0;39m
[2024-05-09 11:21:54 [32mINFO [0;39m http-nio-8080-exec-5] [jdbc.resultsettable] [36m
|----|
|pic |
|----|
|----|
[0;39m
[2024-05-09 11:21:54 [32mDEBUG[0;39m http-nio-8080-exec-5] [jdbc.sqltiming] [36m com.zaxxer.hikari.pool.ProxyPreparedStatement.execute(ProxyPreparedStatement.java:44)
11. SELECT pic
        FROM feed_pics
        WHERE feed_id = 9
 {executed in 0 msec}[0;39m
[2024-05-09 11:21:54 [32mINFO [0;39m http-nio-8080-exec-5] [jdbc.resultsettable] [36m
|----|
|pic |
|----|
|----|
[0;39m
[2024-05-09 11:21:54 [32mDEBUG[0;39m http-nio-8080-exec-5] [jdbc.sqltiming] [36m com.zaxxer.hikari.pool.ProxyPreparedStatement.execute(ProxyPreparedStatement.java:44)
11. SELECT pic
        FROM feed_pics
        WHERE feed_id = 8
 {executed in 0 msec}[0;39m
[2024-05-09 11:21:54 [32mINFO [0;39m http-nio-8080-exec-5] [jdbc.resultsettable] [36m
|----|
|pic |
|----|
|----|
[0;39m
[2024-05-09 11:21:54 [32mDEBUG[0;39m http-nio-8080-exec-5] [jdbc.sqltiming] [36m com.zaxxer.hikari.pool.ProxyPreparedStatement.execute(ProxyPreparedStatement.java:44)
11. SELECT pic
        FROM feed_pics
        WHERE feed_id = 7
 {executed in 0 msec}[0;39m
[2024-05-09 11:21:54 [32mINFO [0;39m http-nio-8080-exec-5] [jdbc.resultsettable] [36m
|----|
|pic |
|----|
|----|
[0;39m
[2024-05-09 11:21:54 [32mDEBUG[0;39m http-nio-8080-exec-5] [jdbc.sqltiming] [36m com.zaxxer.hikari.pool.ProxyPreparedStatement.execute(ProxyPreparedStatement.java:44)
11. SELECT pic
        FROM feed_pics
        WHERE feed_id = 6
 {executed in 0 msec}[0;39m
[2024-05-09 11:21:54 [32mINFO [0;39m http-nio-8080-exec-5] [jdbc.resultsettable] [36m
|----|
|pic |
|----|
|----|
[0;39m
[2024-05-09 11:21:54 [32mDEBUG[0;39m http-nio-8080-exec-5] [jdbc.sqltiming] [36m com.zaxxer.hikari.pool.ProxyPreparedStatement.execute(ProxyPreparedStatement.java:44)
11. SELECT pic
        FROM feed_pics
        WHERE feed_id = 5
 {executed in 0 msec}[0;39m
[2024-05-09 11:21:54 [32mINFO [0;39m http-nio-8080-exec-5] [jdbc.resultsettable] [36m
|----|
|pic |
|----|
|----|
[0;39m
[2024-05-09 11:21:54 [32mDEBUG[0;39m http-nio-8080-exec-5] [jdbc.sqltiming] [36m com.zaxxer.hikari.pool.ProxyPreparedStatement.execute(ProxyPreparedStatement.java:44)
11. SELECT pic
        FROM feed_pics
        WHERE feed_id = 4
 {executed in 0 msec}[0;39m
[2024-05-09 11:21:54 [32mINFO [0;39m http-nio-8080-exec-5] [jdbc.resultsettable] [36m
|----|
|pic |
|----|
|----|
[0;39m
[2024-05-09 11:21:54 [32mDEBUG[0;39m http-nio-8080-exec-5] [jdbc.sqltiming] [36m com.zaxxer.hikari.pool.ProxyPreparedStatement.execute(ProxyPreparedStatement.java:44)
11. SELECT pic
        FROM feed_pics
        WHERE feed_id = 3
 {executed in 0 msec}[0;39m
[2024-05-09 11:21:54 [32mINFO [0;39m http-nio-8080-exec-5] [jdbc.resultsettable] [36m
|----|
|pic |
|----|
|----|
[0;39m
[2024-05-09 11:21:54 [32mDEBUG[0;39m http-nio-8080-exec-5] [jdbc.sqltiming] [36m com.zaxxer.hikari.pool.ProxyPreparedStatement.execute(ProxyPreparedStatement.java:44)
11. SELECT pic
        FROM feed_pics
        WHERE feed_id = 2
 {executed in 0 msec}[0;39m
[2024-05-09 11:21:54 [32mINFO [0;39m http-nio-8080-exec-5] [jdbc.resultsettable] [36m
|----|
|pic |
|----|
|----|
[0;39m
[2024-05-09 11:21:54 [32mDEBUG[0;39m http-nio-8080-exec-5] [jdbc.sqltiming] [36m com.zaxxer.hikari.pool.ProxyPreparedStatement.execute(ProxyPreparedStatement.java:44)
11. SELECT pic
        FROM feed_pics
        WHERE feed_id = 1
 {executed in 0 msec}[0;39m
[2024-05-09 11:21:54 [32mINFO [0;39m http-nio-8080-exec-5] [jdbc.resultsettable] [36m
|----|
|pic |
|----|
|----|
[0;39m
[2024-05-09 11:22:19 [32mDEBUG[0;39m http-nio-8080-exec-9] [jdbc.sqltiming] [36m com.zaxxer.hikari.pool.ProxyPreparedStatement.execute(ProxyPreparedStatement.java:44)
11. SELECT A.feed_id AS feedId, A.writer_id AS writerId, B.nm AS writerNm, B.pic AS writerPic,
        A.contents, A.location, A.created_at AS createdAt
        FROM feed A
        JOIN user B
        ON A.writer_id = B.user_id
        ORDER BY A.feed_id DESC
        LIMIT 20, 20
 {executed in 0 msec}[0;39m
[2024-05-09 11:22:19 [32mINFO [0;39m http-nio-8080-exec-9] [jdbc.resultsettable] [36m
|--------|----------|---|----|---------|---------|-----------|
|feed_id |writer_id |nm |pic |contents |location |created_at |
|--------|----------|---|----|---------|---------|-----------|
|--------|----------|---|----|---------|---------|-----------|
[0;39m
