[2024-05-08 16:39:25 [32mINFO [0;39m restartedMain] [com.green.greengram.GreenGramTdd] [36mStarting GreenGramVer2Application using Java 17.0.10 with PID 11984 (D:\Students\DongHyeon\2024-01\backEnd\GreenGramVer2\build\classes\java\main started by Administrator in D:\Students\DongHyeon\2024-01\backEnd\GreenGramVer2)[0;39m
[2024-05-08 16:39:25 [32mINFO [0;39m restartedMain] [com.green.greengram.GreenGramTdd] [36mNo active profile set, falling back to 1 default profile: "default"[0;39m
[2024-05-08 16:39:25 [32mINFO [0;39m restartedMain] [org.springframework.boot.devtools.env.DevToolsPropertyDefaultsPostProcessor] [36mDevtools property defaults active! Set 'spring.devtools.add-properties' to 'false' to disable[0;39m
[2024-05-08 16:39:25 [32mINFO [0;39m restartedMain] [org.springframework.boot.devtools.env.DevToolsPropertyDefaultsPostProcessor] [36mFor additional web related logging consider setting the 'logging.level.web' property to 'DEBUG'[0;39m
[2024-05-08 16:39:26 [32mINFO [0;39m restartedMain] [org.springframework.boot.web.embedded.tomcat.TomcatWebServer] [36mTomcat initialized with port 8080 (http)[0;39m
[2024-05-08 16:39:26 [32mINFO [0;39m restartedMain] [org.apache.coyote.http11.Http11NioProtocol] [36mInitializing ProtocolHandler ["http-nio-8080"][0;39m
[2024-05-08 16:39:26 [32mINFO [0;39m restartedMain] [org.apache.catalina.core.StandardService] [36mStarting service [Tomcat][0;39m
[2024-05-08 16:39:26 [32mINFO [0;39m restartedMain] [org.apache.catalina.core.StandardEngine] [36mStarting Servlet engine: [Apache Tomcat/10.1.20][0;39m
[2024-05-08 16:39:26 [32mINFO [0;39m restartedMain] [org.apache.catalina.core.ContainerBase.[Tomcat].[localhost].[/]] [36mInitializing Spring embedded WebApplicationContext[0;39m
[2024-05-08 16:39:26 [32mINFO [0;39m restartedMain] [org.springframework.boot.web.servlet.context.ServletWebServerApplicationContext] [36mRoot WebApplicationContext: initialization completed in 959 ms[0;39m
[2024-05-08 16:39:27 [32mINFO [0;39m restartedMain] [org.springframework.boot.devtools.autoconfigure.OptionalLiveReloadServer] [36mLiveReload server is running on port 35729[0;39m
[2024-05-08 16:39:27 [32mINFO [0;39m restartedMain] [org.springframework.boot.actuate.endpoint.web.EndpointLinksResolver] [36mExposing 1 endpoint(s) beneath base path '/actuator'[0;39m
[2024-05-08 16:39:27 [32mINFO [0;39m restartedMain] [org.apache.coyote.http11.Http11NioProtocol] [36mStarting ProtocolHandler ["http-nio-8080"][0;39m
[2024-05-08 16:39:27 [32mINFO [0;39m restartedMain] [org.springframework.boot.web.embedded.tomcat.TomcatWebServer] [36mTomcat started on port 8080 (http) with context path ''[0;39m
[2024-05-08 16:39:27 [32mINFO [0;39m restartedMain] [com.green.greengram.GreenGramTdd] [36mStarted GreenGramVer2Application in 2.018 seconds (process running for 2.536)[0;39m
[2024-05-08 16:39:28 [32mINFO [0;39m RMI TCP Connection(2)-192.168.0.193] [org.apache.catalina.core.ContainerBase.[Tomcat].[localhost].[/]] [36mInitializing Spring DispatcherServlet 'dispatcherServlet'[0;39m
[2024-05-08 16:39:28 [32mINFO [0;39m RMI TCP Connection(2)-192.168.0.193] [org.springframework.web.servlet.DispatcherServlet] [36mInitializing Servlet 'dispatcherServlet'[0;39m
[2024-05-08 16:39:28 [32mINFO [0;39m RMI TCP Connection(2)-192.168.0.193] [org.springframework.web.servlet.DispatcherServlet] [36mCompleted initialization in 1 ms[0;39m
[2024-05-08 16:39:28 [32mINFO [0;39m RMI TCP Connection(1)-192.168.0.193] [com.zaxxer.hikari.HikariDataSource] [36mHikariPool-1 - Starting...[0;39m
[2024-05-08 16:39:28 [32mINFO [0;39m RMI TCP Connection(1)-192.168.0.193] [com.zaxxer.hikari.pool.HikariPool] [36mHikariPool-1 - Added connection net.sf.log4jdbc.sql.jdbcapi.ConnectionSpy@7d2a6c21[0;39m
[2024-05-08 16:39:28 [32mINFO [0;39m RMI TCP Connection(1)-192.168.0.193] [com.zaxxer.hikari.HikariDataSource] [36mHikariPool-1 - Start completed.[0;39m
[2024-05-08 16:39:41 [32mINFO [0;39m http-nio-8080-exec-2] [org.springdoc.api.AbstractOpenApiResource] [36mInit duration for springdoc-openapi is: 176 ms[0;39m
[2024-05-08 16:40:54 [32mDEBUG[0;39m http-nio-8080-exec-9] [jdbc.sqltiming] [36m com.zaxxer.hikari.pool.ProxyPreparedStatement.execute(ProxyPreparedStatement.java:44)
1. INSERT INTO user
            SET uid = 'ddd',
                upw = '$2a$10$uoR4pJbeLFb054THO1Q0Le83GL9JgWQMSTp6ExsP8fQXZueqY2LVu',
                nm  = '홍길동',
                pic = NULL
 {executed in 1 msec}[0;39m
[2024-05-08 16:40:54 [32mDEBUG[0;39m http-nio-8080-exec-9] [jdbc.sqltiming] [36m com.zaxxer.hikari.pool.ProxyStatement.getGeneratedKeys(ProxyStatement.java:229)
1. getGeneratedKeys on query: INSERT INTO user
            SET uid = 'ddd',
                upw = '$2a$10$uoR4pJbeLFb054THO1Q0Le83GL9JgWQMSTp6ExsP8fQXZueqY2LVu',
                nm  = '홍길동',
                pic = NULL
 {executed in 0 msec}[0;39m
[2024-05-08 16:40:54 [32mINFO [0;39m http-nio-8080-exec-9] [jdbc.resultsettable] [36m
|----------|
|insert_id |
|----------|
|8         |
|----------|
[0;39m
[2024-05-08 16:41:46 [32mDEBUG[0;39m http-nio-8080-exec-10] [jdbc.sqltiming] [36m com.zaxxer.hikari.pool.ProxyPreparedStatement.execute(ProxyPreparedStatement.java:44)
1. SELECT user_id AS userId, uid, upw, nm, pic, created_at AS createdAt, updated_at AS updatedAt
        FROM user
        WHERE uid = 'ddd'
 {executed in 0 msec}[0;39m
[2024-05-08 16:41:46 [32mINFO [0;39m http-nio-8080-exec-10] [jdbc.resultsettable] [36m
|--------|----|-------------------------------------------------------------|----|----|--------------------|-----------|
|user_id |uid |upw                                                          |nm  |pic |created_at          |updated_at |
|--------|----|-------------------------------------------------------------|----|----|--------------------|-----------|
|8       |ddd |$2a$10$uoR4pJbeLFb054THO1Q0Le83GL9JgWQMSTp6ExsP8fQXZueqY2LVu |홍길동 |null|2024-05-08 16:40:54 |null       |
|--------|----|-------------------------------------------------------------|----|----|--------------------|-----------|
[0;39m
[2024-05-08 16:41:46 [31mERROR[0;39m http-nio-8080-exec-10] [org.apache.catalina.core.ContainerBase.[Tomcat].[localhost].[/].[dispatcherServlet]] [36mServlet.service() for servlet [dispatcherServlet] in context with path [] threw exception [Request processing failed: java.lang.IllegalArgumentException: Invalid salt version] with root cause[0;39m
java.lang.IllegalArgumentException: Invalid salt version
	at org.mindrot.jbcrypt.BCrypt.hashpw(BCrypt.java:659)
	at org.mindrot.jbcrypt.BCrypt.checkpw(BCrypt.java:764)
	at com.green.greengram.user.UserServiceImpl.postSignIn(UserService.java:49)
	at java.base/jdk.internal.reflect.NativeMethodAccessorImpl.invoke0(Native Method)
	at java.base/jdk.internal.reflect.NativeMethodAccessorImpl.invoke(NativeMethodAccessorImpl.java:77)
	at java.base/jdk.internal.reflect.DelegatingMethodAccessorImpl.invoke(DelegatingMethodAccessorImpl.java:43)
	at java.base/java.lang.reflect.Method.invoke(Method.java:568)
	at org.springframework.aop.support.AopUtils.invokeJoinpointUsingReflection(AopUtils.java:354)
	at org.springframework.aop.framework.CglibAopProxy$DynamicAdvisedInterceptor.intercept(CglibAopProxy.java:716)
	at com.green.greengram.user.UserServiceImpl$$SpringCGLIB$$0.postSignIn(<generated>)
	at com.green.greengram.user.UserControll.postSignIn(UserControll.java:38)
	at java.base/jdk.internal.reflect.NativeMethodAccessorImpl.invoke0(Native Method)
	at java.base/jdk.internal.reflect.NativeMethodAccessorImpl.invoke(NativeMethodAccessorImpl.java:77)
	at java.base/jdk.internal.reflect.DelegatingMethodAccessorImpl.invoke(DelegatingMethodAccessorImpl.java:43)
	at java.base/java.lang.reflect.Method.invoke(Method.java:568)
	at org.springframework.web.method.support.InvocableHandlerMethod.doInvoke(InvocableHandlerMethod.java:255)
	at org.springframework.web.method.support.InvocableHandlerMethod.invokeForRequest(InvocableHandlerMethod.java:188)
	at org.springframework.web.servlet.mvc.method.annotation.ServletInvocableHandlerMethod.invokeAndHandle(ServletInvocableHandlerMethod.java:118)
	at org.springframework.web.servlet.mvc.method.annotation.RequestMappingHandlerAdapter.invokeHandlerMethod(RequestMappingHandlerAdapter.java:926)
	at org.springframework.web.servlet.mvc.method.annotation.RequestMappingHandlerAdapter.handleInternal(RequestMappingHandlerAdapter.java:831)
	at org.springframework.web.servlet.mvc.method.AbstractHandlerMethodAdapter.handle(AbstractHandlerMethodAdapter.java:87)
	at org.springframework.web.servlet.DispatcherServlet.doDispatch(DispatcherServlet.java:1089)
	at org.springframework.web.servlet.DispatcherServlet.doService(DispatcherServlet.java:979)
	at org.springframework.web.servlet.FrameworkServlet.processRequest(FrameworkServlet.java:1014)
	at org.springframework.web.servlet.FrameworkServlet.doPost(FrameworkServlet.java:914)
	at jakarta.servlet.http.HttpServlet.service(HttpServlet.java:590)
	at org.springframework.web.servlet.FrameworkServlet.service(FrameworkServlet.java:885)
	at jakarta.servlet.http.HttpServlet.service(HttpServlet.java:658)
	at org.apache.catalina.core.ApplicationFilterChain.internalDoFilter(ApplicationFilterChain.java:206)
	at org.apache.catalina.core.ApplicationFilterChain.doFilter(ApplicationFilterChain.java:150)
	at org.apache.tomcat.websocket.server.WsFilter.doFilter(WsFilter.java:51)
	at org.apache.catalina.core.ApplicationFilterChain.internalDoFilter(ApplicationFilterChain.java:175)
	at org.apache.catalina.core.ApplicationFilterChain.doFilter(ApplicationFilterChain.java:150)
	at org.springframework.web.filter.RequestContextFilter.doFilterInternal(RequestContextFilter.java:100)
	at org.springframework.web.filter.OncePerRequestFilter.doFilter(OncePerRequestFilter.java:116)
	at org.apache.catalina.core.ApplicationFilterChain.internalDoFilter(ApplicationFilterChain.java:175)
	at org.apache.catalina.core.ApplicationFilterChain.doFilter(ApplicationFilterChain.java:150)
	at org.springframework.web.filter.FormContentFilter.doFilterInternal(FormContentFilter.java:93)
	at org.springframework.web.filter.OncePerRequestFilter.doFilter(OncePerRequestFilter.java:116)
	at org.apache.catalina.core.ApplicationFilterChain.internalDoFilter(ApplicationFilterChain.java:175)
	at org.apache.catalina.core.ApplicationFilterChain.doFilter(ApplicationFilterChain.java:150)
	at org.springframework.web.filter.ServerHttpObservationFilter.doFilterInternal(ServerHttpObservationFilter.java:109)
	at org.springframework.web.filter.OncePerRequestFilter.doFilter(OncePerRequestFilter.java:116)
	at org.apache.catalina.core.ApplicationFilterChain.internalDoFilter(ApplicationFilterChain.java:175)
	at org.apache.catalina.core.ApplicationFilterChain.doFilter(ApplicationFilterChain.java:150)
	at org.springframework.web.filter.CharacterEncodingFilter.doFilterInternal(CharacterEncodingFilter.java:201)
	at org.springframework.web.filter.OncePerRequestFilter.doFilter(OncePerRequestFilter.java:116)
	at org.apache.catalina.core.ApplicationFilterChain.internalDoFilter(ApplicationFilterChain.java:175)
	at org.apache.catalina.core.ApplicationFilterChain.doFilter(ApplicationFilterChain.java:150)
	at org.apache.catalina.core.StandardWrapperValve.invoke(StandardWrapperValve.java:167)
	at org.apache.catalina.core.StandardContextValve.invoke(StandardContextValve.java:90)
	at org.apache.catalina.authenticator.AuthenticatorBase.invoke(AuthenticatorBase.java:482)
	at org.apache.catalina.core.StandardHostValve.invoke(StandardHostValve.java:115)
	at org.apache.catalina.valves.ErrorReportValve.invoke(ErrorReportValve.java:93)
	at org.apache.catalina.core.StandardEngineValve.invoke(StandardEngineValve.java:74)
	at org.apache.catalina.connector.CoyoteAdapter.service(CoyoteAdapter.java:344)
	at org.apache.coyote.http11.Http11Processor.service(Http11Processor.java:391)
	at org.apache.coyote.AbstractProcessorLight.process(AbstractProcessorLight.java:63)
	at org.apache.coyote.AbstractProtocol$ConnectionHandler.process(AbstractProtocol.java:896)
	at org.apache.tomcat.util.net.NioEndpoint$SocketProcessor.doRun(NioEndpoint.java:1736)
	at org.apache.tomcat.util.net.SocketProcessorBase.run(SocketProcessorBase.java:52)
	at org.apache.tomcat.util.threads.ThreadPoolExecutor.runWorker(ThreadPoolExecutor.java:1191)
	at org.apache.tomcat.util.threads.ThreadPoolExecutor$Worker.run(ThreadPoolExecutor.java:659)
	at org.apache.tomcat.util.threads.TaskThread$WrappingRunnable.run(TaskThread.java:63)
	at java.base/java.lang.Thread.run(Thread.java:840)
[2024-05-08 16:43:08 [32mINFO [0;39m SpringApplicationShutdownHook] [com.zaxxer.hikari.HikariDataSource] [36mHikariPool-1 - Shutdown initiated...[0;39m
[2024-05-08 16:43:08 [32mINFO [0;39m SpringApplicationShutdownHook] [com.zaxxer.hikari.HikariDataSource] [36mHikariPool-1 - Shutdown completed.[0;39m
[2024-05-08 16:43:10 [32mINFO [0;39m restartedMain] [com.green.greengram.GreenGramTdd] [36mStarting GreenGramVer2Application using Java 17.0.10 with PID 11096 (D:\Students\DongHyeon\2024-01\backEnd\GreenGramVer2\build\classes\java\main started by Administrator in D:\Students\DongHyeon\2024-01\backEnd\GreenGramVer2)[0;39m
[2024-05-08 16:43:10 [32mINFO [0;39m restartedMain] [com.green.greengram.GreenGramTdd] [36mNo active profile set, falling back to 1 default profile: "default"[0;39m
[2024-05-08 16:43:10 [32mINFO [0;39m restartedMain] [org.springframework.boot.devtools.env.DevToolsPropertyDefaultsPostProcessor] [36mDevtools property defaults active! Set 'spring.devtools.add-properties' to 'false' to disable[0;39m
[2024-05-08 16:43:10 [32mINFO [0;39m restartedMain] [org.springframework.boot.devtools.env.DevToolsPropertyDefaultsPostProcessor] [36mFor additional web related logging consider setting the 'logging.level.web' property to 'DEBUG'[0;39m
[2024-05-08 16:43:11 [32mINFO [0;39m restartedMain] [org.springframework.boot.web.embedded.tomcat.TomcatWebServer] [36mTomcat initialized with port 8080 (http)[0;39m
[2024-05-08 16:43:11 [32mINFO [0;39m restartedMain] [org.apache.coyote.http11.Http11NioProtocol] [36mInitializing ProtocolHandler ["http-nio-8080"][0;39m
[2024-05-08 16:43:11 [32mINFO [0;39m restartedMain] [org.apache.catalina.core.StandardService] [36mStarting service [Tomcat][0;39m
[2024-05-08 16:43:11 [32mINFO [0;39m restartedMain] [org.apache.catalina.core.StandardEngine] [36mStarting Servlet engine: [Apache Tomcat/10.1.20][0;39m
[2024-05-08 16:43:11 [32mINFO [0;39m restartedMain] [org.apache.catalina.core.ContainerBase.[Tomcat].[localhost].[/]] [36mInitializing Spring embedded WebApplicationContext[0;39m
[2024-05-08 16:43:11 [32mINFO [0;39m restartedMain] [org.springframework.boot.web.servlet.context.ServletWebServerApplicationContext] [36mRoot WebApplicationContext: initialization completed in 963 ms[0;39m
[2024-05-08 16:43:12 [32mINFO [0;39m restartedMain] [org.springframework.boot.devtools.autoconfigure.OptionalLiveReloadServer] [36mLiveReload server is running on port 35729[0;39m
[2024-05-08 16:43:12 [32mINFO [0;39m restartedMain] [org.springframework.boot.actuate.endpoint.web.EndpointLinksResolver] [36mExposing 1 endpoint(s) beneath base path '/actuator'[0;39m
[2024-05-08 16:43:12 [32mINFO [0;39m restartedMain] [org.apache.coyote.http11.Http11NioProtocol] [36mStarting ProtocolHandler ["http-nio-8080"][0;39m
[2024-05-08 16:43:12 [32mINFO [0;39m restartedMain] [org.springframework.boot.web.embedded.tomcat.TomcatWebServer] [36mTomcat started on port 8080 (http) with context path ''[0;39m
[2024-05-08 16:43:12 [32mINFO [0;39m restartedMain] [com.green.greengram.GreenGramTdd] [36mStarted GreenGramVer2Application in 2.013 seconds (process running for 2.373)[0;39m
[2024-05-08 16:43:12 [32mINFO [0;39m RMI TCP Connection(2)-192.168.0.193] [org.apache.catalina.core.ContainerBase.[Tomcat].[localhost].[/]] [36mInitializing Spring DispatcherServlet 'dispatcherServlet'[0;39m
[2024-05-08 16:43:12 [32mINFO [0;39m RMI TCP Connection(2)-192.168.0.193] [org.springframework.web.servlet.DispatcherServlet] [36mInitializing Servlet 'dispatcherServlet'[0;39m
[2024-05-08 16:43:12 [32mINFO [0;39m RMI TCP Connection(2)-192.168.0.193] [org.springframework.web.servlet.DispatcherServlet] [36mCompleted initialization in 1 ms[0;39m
[2024-05-08 16:43:12 [32mINFO [0;39m RMI TCP Connection(3)-192.168.0.193] [com.zaxxer.hikari.HikariDataSource] [36mHikariPool-1 - Starting...[0;39m
[2024-05-08 16:43:12 [32mINFO [0;39m RMI TCP Connection(3)-192.168.0.193] [com.zaxxer.hikari.pool.HikariPool] [36mHikariPool-1 - Added connection net.sf.log4jdbc.sql.jdbcapi.ConnectionSpy@4ab1f63c[0;39m
[2024-05-08 16:43:12 [32mINFO [0;39m RMI TCP Connection(3)-192.168.0.193] [com.zaxxer.hikari.HikariDataSource] [36mHikariPool-1 - Start completed.[0;39m
[2024-05-08 16:43:14 [32mDEBUG[0;39m http-nio-8080-exec-1] [jdbc.sqltiming] [36m com.zaxxer.hikari.pool.ProxyPreparedStatement.execute(ProxyPreparedStatement.java:44)
1. SELECT user_id AS userId, uid, upw, nm, pic, created_at AS createdAt, updated_at AS updatedAt
        FROM user
        WHERE uid = 'ddd'
 {executed in 1 msec}[0;39m
[2024-05-08 16:43:14 [32mINFO [0;39m http-nio-8080-exec-1] [jdbc.resultsettable] [36m
|--------|----|-------------------------------------------------------------|----|----|--------------------|-----------|
|user_id |uid |upw                                                          |nm  |pic |created_at          |updated_at |
|--------|----|-------------------------------------------------------------|----|----|--------------------|-----------|
|8       |ddd |$2a$10$uoR4pJbeLFb054THO1Q0Le83GL9JgWQMSTp6ExsP8fQXZueqY2LVu |홍길동 |null|2024-05-08 16:40:54 |null       |
|--------|----|-------------------------------------------------------------|----|----|--------------------|-----------|
[0;39m
[2024-05-08 16:49:22 [32mINFO [0;39m SpringApplicationShutdownHook] [com.zaxxer.hikari.HikariDataSource] [36mHikariPool-1 - Shutdown initiated...[0;39m
[2024-05-08 16:49:22 [32mINFO [0;39m SpringApplicationShutdownHook] [com.zaxxer.hikari.HikariDataSource] [36mHikariPool-1 - Shutdown completed.[0;39m
[2024-05-08 16:50:18 [32mINFO [0;39m restartedMain] [com.green.greengram.GreenGramTdd] [36mStarting GreenGramVer2Application using Java 17.0.10 with PID 10020 (D:\Students\DongHyeon\2024-01\backEnd\GreenGramVer2\build\classes\java\main started by Administrator in D:\Students\DongHyeon\2024-01\backEnd\GreenGramVer2)[0;39m
[2024-05-08 16:50:18 [32mINFO [0;39m restartedMain] [com.green.greengram.GreenGramTdd] [36mNo active profile set, falling back to 1 default profile: "default"[0;39m
[2024-05-08 16:50:18 [32mINFO [0;39m restartedMain] [org.springframework.boot.devtools.env.DevToolsPropertyDefaultsPostProcessor] [36mDevtools property defaults active! Set 'spring.devtools.add-properties' to 'false' to disable[0;39m
[2024-05-08 16:50:18 [32mINFO [0;39m restartedMain] [org.springframework.boot.devtools.env.DevToolsPropertyDefaultsPostProcessor] [36mFor additional web related logging consider setting the 'logging.level.web' property to 'DEBUG'[0;39m
[2024-05-08 16:50:19 [32mINFO [0;39m restartedMain] [org.springframework.boot.web.embedded.tomcat.TomcatWebServer] [36mTomcat initialized with port 8080 (http)[0;39m
[2024-05-08 16:50:19 [32mINFO [0;39m restartedMain] [org.apache.coyote.http11.Http11NioProtocol] [36mInitializing ProtocolHandler ["http-nio-8080"][0;39m
[2024-05-08 16:50:19 [32mINFO [0;39m restartedMain] [org.apache.catalina.core.StandardService] [36mStarting service [Tomcat][0;39m
[2024-05-08 16:50:19 [32mINFO [0;39m restartedMain] [org.apache.catalina.core.StandardEngine] [36mStarting Servlet engine: [Apache Tomcat/10.1.20][0;39m
[2024-05-08 16:50:19 [32mINFO [0;39m restartedMain] [org.apache.catalina.core.ContainerBase.[Tomcat].[localhost].[/]] [36mInitializing Spring embedded WebApplicationContext[0;39m
[2024-05-08 16:50:19 [32mINFO [0;39m restartedMain] [org.springframework.boot.web.servlet.context.ServletWebServerApplicationContext] [36mRoot WebApplicationContext: initialization completed in 953 ms[0;39m
[2024-05-08 16:50:20 [32mINFO [0;39m restartedMain] [org.springframework.boot.devtools.autoconfigure.OptionalLiveReloadServer] [36mLiveReload server is running on port 35729[0;39m
[2024-05-08 16:50:20 [32mINFO [0;39m restartedMain] [org.springframework.boot.actuate.endpoint.web.EndpointLinksResolver] [36mExposing 1 endpoint(s) beneath base path '/actuator'[0;39m
[2024-05-08 16:50:20 [32mINFO [0;39m restartedMain] [org.apache.coyote.http11.Http11NioProtocol] [36mStarting ProtocolHandler ["http-nio-8080"][0;39m
[2024-05-08 16:50:20 [32mINFO [0;39m restartedMain] [org.springframework.boot.web.embedded.tomcat.TomcatWebServer] [36mTomcat started on port 8080 (http) with context path ''[0;39m
[2024-05-08 16:50:20 [32mINFO [0;39m restartedMain] [com.green.greengram.GreenGramTdd] [36mStarted GreenGramVer2Application in 2.067 seconds (process running for 2.435)[0;39m
[2024-05-08 16:50:20 [32mINFO [0;39m RMI TCP Connection(2)-192.168.0.193] [org.apache.catalina.core.ContainerBase.[Tomcat].[localhost].[/]] [36mInitializing Spring DispatcherServlet 'dispatcherServlet'[0;39m
[2024-05-08 16:50:20 [32mINFO [0;39m RMI TCP Connection(2)-192.168.0.193] [org.springframework.web.servlet.DispatcherServlet] [36mInitializing Servlet 'dispatcherServlet'[0;39m
[2024-05-08 16:50:20 [32mINFO [0;39m RMI TCP Connection(2)-192.168.0.193] [org.springframework.web.servlet.DispatcherServlet] [36mCompleted initialization in 1 ms[0;39m
[2024-05-08 16:50:20 [32mINFO [0;39m RMI TCP Connection(1)-192.168.0.193] [com.zaxxer.hikari.HikariDataSource] [36mHikariPool-1 - Starting...[0;39m
[2024-05-08 16:50:20 [32mINFO [0;39m RMI TCP Connection(1)-192.168.0.193] [com.zaxxer.hikari.pool.HikariPool] [36mHikariPool-1 - Added connection net.sf.log4jdbc.sql.jdbcapi.ConnectionSpy@5432ab4c[0;39m
[2024-05-08 16:50:20 [32mINFO [0;39m RMI TCP Connection(1)-192.168.0.193] [com.zaxxer.hikari.HikariDataSource] [36mHikariPool-1 - Start completed.[0;39m
[2024-05-08 16:50:21 [32mINFO [0;39m http-nio-8080-exec-7] [org.springdoc.api.AbstractOpenApiResource] [36mInit duration for springdoc-openapi is: 156 ms[0;39m
[2024-05-08 16:50:33 [32mDEBUG[0;39m http-nio-8080-exec-3] [jdbc.sqltiming] [36m com.zaxxer.hikari.pool.ProxyPreparedStatement.execute(ProxyPreparedStatement.java:44)
1. SELECT A.feed_id AS feedId, A.writer_id AS writerId, B.nm AS writerNm, B.pic AS writerPic,
        A.contents, A.location, A.created_at AS createdAt
        FROM feed A
        JOIN user B
        ON A.writer_id = B.user_id
        ORDER BY A.feed_id DESC
        LIMIT 0, 20
 {executed in 1 msec}[0;39m
[2024-05-08 16:50:33 [32mINFO [0;39m http-nio-8080-exec-3] [jdbc.resultsettable] [36m
|--------|----------|---|----|---------|---------|-----------|
|feed_id |writer_id |nm |pic |contents |location |created_at |
|--------|----------|---|----|---------|---------|-----------|
|--------|----------|---|----|---------|---------|-----------|
[0;39m
[2024-05-08 16:50:43 [32mDEBUG[0;39m http-nio-8080-exec-6] [jdbc.sqltiming] [36m com.zaxxer.hikari.pool.ProxyPreparedStatement.execute(ProxyPreparedStatement.java:44)
1. SELECT A.feed_id AS feedId, A.writer_id AS writerId, B.nm AS writerNm, B.pic AS writerPic,
        A.contents, A.location, A.created_at AS createdAt
        FROM feed A
        JOIN user B
        ON A.writer_id = B.user_id
        ORDER BY A.feed_id DESC
        LIMIT 0, 20
 {executed in 1 msec}[0;39m
[2024-05-08 16:50:43 [32mINFO [0;39m http-nio-8080-exec-6] [jdbc.resultsettable] [36m
|--------|----------|---|----|---------|---------|-----------|
|feed_id |writer_id |nm |pic |contents |location |created_at |
|--------|----------|---|----|---------|---------|-----------|
|--------|----------|---|----|---------|---------|-----------|
[0;39m
[2024-05-08 16:54:58 [32mINFO [0;39m SpringApplicationShutdownHook] [com.zaxxer.hikari.HikariDataSource] [36mHikariPool-1 - Shutdown initiated...[0;39m
[2024-05-08 16:54:58 [32mINFO [0;39m SpringApplicationShutdownHook] [com.zaxxer.hikari.HikariDataSource] [36mHikariPool-1 - Shutdown completed.[0;39m
